
----------------------------------------------------
Job started on Tue May 24 13:48:52 EDT 2016 at WN: t2bat0310.cmsaf.mit.edu 
Job is running on Linux t2bat0310.cmsaf.mit.edu 2.6.32-358.el6.x86_64 #1 SMP Fri Feb 22 20:37:17 CST 2013 x86_64 x86_64 x86_64 GNU/Linux
----------------------------------------------------

free disk space is...
Filesystem            Size  Used Avail Use% Mounted on
/dev/sda3              20G  3.1G   16G  17% /
tmpfs                  32G     0   32G   0% /dev/shm
/dev/sda1              97M   32M   61M  35% /boot
/dev/sda4             416G   91G  325G  22% /export/data1
/dev/sdb1             3.6T  3.3T  318G  92% /export/00b
/dev/sdc1             3.6T  3.3T  308G  92% /export/00c
/dev/sdd1             3.6T  3.3T  319G  92% /export/00d
/dev/sde1             3.6T  3.3T  340G  91% /export/00e
/dev/sdf1             3.6T  3.3T  307G  92% /export/00f
/dev/sdg1             3.6T  3.3T  333G  91% /export/00g
/dev/sdh1             3.6T  2.8T  886G  76% /export/00h
fuse_dfs              6.5P  5.8P  684T  90% /mnt/hadoop
cvmfs2                 98G   79G   19G  81% /cvmfs/cms.cern.ch
cvmfs2                 98G   79G   19G  81% /cvmfs/ams.cern.ch
cvmfs2                 98G   79G   19G  81% /cvmfs/atlas.cern.ch
t2srv0004:/export/db  135G  187M  135G   1% /net/t2srv0004/db
cvmfs2                 98G   79G   19G  81% /cvmfs/cms-ib.cern.ch

root directory is...
/cvmfs/cms.cern.ch/slc6_amd64_gcc491/lcg/root/6.02.12/

working directory is...
/export/data1/condor/execute/dir_9722

contents before job processing is...
total 164
drwx------  2 ilaflott ilaflott  4096 May 24 13:48 .
drwxr-xr-x 11 condor   root      4096 May 24 13:48 ..
-rwx------  1 ilaflott ilaflott    49 May 24 13:48 .chirp.config
-rw-r--r--  1 condor   condor   37076 May 24 13:48 .job.ad
-rw-r--r--  1 condor   condor    6204 May 24 13:48 .machine.ad
-rw-r--r--  1 ilaflott ilaflott 32988 May 24 13:48 5p02TeV_HighPtJet80_forests.txt
-rwxrwxr-x  1 ilaflott ilaflott 59014 May 24 13:48 RAA_read_data_pp.exe
-rw-r--r--  1 ilaflott ilaflott     0 May 24 13:48 _condor_stderr
-rw-r--r--  1 ilaflott ilaflott  1550 May 24 13:48 _condor_stdout
-rwxr-xr-x  1 ilaflott ilaflott   795 May 24 13:48 condor_exec.exe

Processing...

///////////////////
reading from file 390 to file 394
radius =  4
jetType =  PF
///////////////////

filelist used is 5p02TeV_HighPtJet80_forests.txt
adding file /mnt/hadoop/cms/store/user/abaty/transferTargetDirectories/2015pp_HighPtJet80/HiForestAOD_96.root to TChain...
adding file /mnt/hadoop/cms/store/user/abaty/transferTargetDirectories/2015pp_HighPtJet80/HiForestAOD_97.root to TChain...
adding file /mnt/hadoop/cms/store/user/abaty/transferTargetDirectories/2015pp_HighPtJet80/HiForestAOD_98.root to TChain...
adding file /mnt/hadoop/cms/store/user/abaty/transferTargetDirectories/2015pp_HighPtJet80/HiForestAOD_99.root to TChain...
Running through 326427 events
nEvt = 0
nEvt = 10000
nEvt = 20000
nEvt = 30000
nEvt = 40000
nEvt = 50000
nEvt = 60000
nEvt = 70000
nEvt = 80000
nEvt = 90000
nEvt = 100000
nEvt = 110000
nEvt = 120000
nEvt = 130000
nEvt = 140000
nEvt = 150000
nEvt = 160000
nEvt = 170000
nEvt = 180000
nEvt = 190000
nEvt = 200000
nEvt = 210000
nEvt = 220000
nEvt = 230000
nEvt = 240000
nEvt = 250000
nEvt = 260000
nEvt = 270000
nEvt = 280000
nEvt = 290000
nEvt = 300000
nEvt = 310000
nEvt = 320000

TH1.Print Name  = hpp_HLT40_noJetID_R4_20_eta_20, Entries= 0, Total sum= 0
          Title = Spectra from Jet 40 && !jet60 && !jet80 R4 20_eta_20 
          NbinsX= 2000, xmin= 0, xmax=2000
TH1.Print Name  = hpp_HLT60_noJetID_R4_20_eta_20, Entries= 0, Total sum= 0
          Title = Spectra from  Jet 60 && !jet80 R4 20_eta_20 
          NbinsX= 2000, xmin= 0, xmax=2000
TH1.Print Name  = hpp_HLT80_noJetID_R4_20_eta_20, Entries= 0, Total sum= 0
          Title = Spectra from  Jet 80 R4 20_eta_20 
          NbinsX= 2000, xmin= 0, xmax=2000
TH1.Print Name  = hpp_HLT100_noJetID_R4_20_eta_20, Entries= 54626, Total sum= 54626
          Title = Spectra from  Jet 100 R4 20_eta_20 
          NbinsX= 2000, xmin= 0, xmax=2000
TH1.Print Name  = hpp_HLTComb_noJetID_R4_20_eta_20, Entries= 54626, Total sum= 54626
          Title = Trig Combined Spectra R4 20_eta_20 
          NbinsX= 2000, xmin= 0, xmax=2000
TH1.Print Name  = hpp_TrgCombTest_noJetID_R4_20_eta_20, Entries= 826726, Total sum= 54626
          Title = Trig Combined Spectra KurtMethod R4 20_eta_20 
          NbinsX= 2000, xmin= 0, xmax=2000
TH1.Print Name  = hpp_HLT40_JetID_R4_20_eta_20, Entries= 0, Total sum= 0
          Title = Spectra from Jet 40 && !jet60 && !jet80 R4 20_eta_20 
          NbinsX= 2000, xmin= 0, xmax=2000
TH1.Print Name  = hpp_HLT60_JetID_R4_20_eta_20, Entries= 0, Total sum= 0
          Title = Spectra from  Jet 60 && !jet80 R4 20_eta_20 
          NbinsX= 2000, xmin= 0, xmax=2000
TH1.Print Name  = hpp_HLT80_JetID_R4_20_eta_20, Entries= 0, Total sum= 0
          Title = Spectra from  Jet 80 R4 20_eta_20 
          NbinsX= 2000, xmin= 0, xmax=2000
TH1.Print Name  = hpp_HLT100_JetID_R4_20_eta_20, Entries= 54400, Total sum= 54400
          Title = Spectra from  Jet 100 R4 20_eta_20 
          NbinsX= 2000, xmin= 0, xmax=2000
TH1.Print Name  = hpp_HLTComb_JetID_R4_20_eta_20, Entries= 54400, Total sum= 54400
          Title = Trig Combined Spectra R4 20_eta_20 
          NbinsX= 2000, xmin= 0, xmax=2000
TH1.Print Name  = hpp_TrgCombTest_JetID_R4_20_eta_20, Entries= 823764, Total sum= 54400
          Title = Trig Combined Spectra KurtMethod R4 20_eta_20 
          NbinsX= 2000, xmin= 0, xmax=2000

Event Summary
Total Number of Events read   = 322022
Total Number of HLT100 events = 19237
Total Number of HLT80 events = 0
Total Number of HLT60 events = 0
Total Number of HLT40 events = 0


Macro finished: 
CPU time (min)  = 1.079
Real time (min) = 1.63987

Done!
