000 (952683.000.000) 05/24 13:48:36 Job submitted from host: <18.12.1.74:43431?addrs=18.12.1.74-43431>
...
001 (952683.000.000) 05/24 13:48:51 Job executing on host: <18.12.6.1:40876?addrs=18.12.6.1-40876>
...
006 (952683.000.000) 05/24 13:49:00 Image size of job updated: 231900
	49  -  MemoryUsage of job (MB)
	50028  -  ResidentSetSize of job (KB)
...
006 (952683.000.000) 05/24 13:54:01 Image size of job updated: 389828
	209  -  MemoryUsage of job (MB)
	213588  -  ResidentSetSize of job (KB)
...
005 (952683.000.000) 05/24 13:55:27 Job terminated.
	(1) Normal termination (return value 0)
		Usr 0 00:04:41, Sys 0 00:00:02  -  Run Remote Usage
		Usr 0 00:00:00, Sys 0 00:00:00  -  Run Local Usage
		Usr 0 00:04:41, Sys 0 00:00:02  -  Total Remote Usage
		Usr 0 00:00:00, Sys 0 00:00:00  -  Total Local Usage
	75927  -  Run Bytes Sent By Job
	92797  -  Run Bytes Received By Job
	75927  -  Total Bytes Sent By Job
	92797  -  Total Bytes Received By Job
	Partitionable Resources :    Usage  Request Allocated
	   Cpus                 :                 1         1
	   Disk (KB)            :      208      100   8128355
	   Memory (MB)          :      209        1         1
...
