000 (952678.000.000) 05/24 13:48:25 Job submitted from host: <18.12.1.74:43431?addrs=18.12.1.74-43431>
...
001 (952678.000.000) 05/24 13:48:51 Job executing on host: <18.12.9.4:46497>
...
006 (952678.000.000) 05/24 13:48:59 Image size of job updated: 1
	3  -  MemoryUsage of job (MB)
	2440  -  ResidentSetSize of job (KB)
...
006 (952678.000.000) 05/24 13:53:59 Image size of job updated: 389652
	220  -  MemoryUsage of job (MB)
	224760  -  ResidentSetSize of job (KB)
...
005 (952678.000.000) 05/24 13:54:42 Job terminated.
	(1) Normal termination (return value 0)
		Usr 0 00:03:58, Sys 0 00:00:02  -  Run Remote Usage
		Usr 0 00:00:00, Sys 0 00:00:00  -  Run Local Usage
		Usr 0 00:03:58, Sys 0 00:00:02  -  Total Remote Usage
		Usr 0 00:00:00, Sys 0 00:00:00  -  Total Local Usage
	75720  -  Run Bytes Sent By Job
	92797  -  Run Bytes Received By Job
	75720  -  Total Bytes Sent By Job
	92797  -  Total Bytes Received By Job
	Partitionable Resources :    Usage  Request Allocated
	   Cpus                 :                 1         1
	   Disk (KB)            :      207      100   8498524
	   Memory (MB)          :      220        1         1
...
