000 (952661.000.000) 05/24 13:47:49 Job submitted from host: <18.12.1.74:43431?addrs=18.12.1.74-43431>
...
001 (952661.000.000) 05/24 13:50:19 Job executing on host: <18.12.8.1:43066>
...
006 (952661.000.000) 05/24 13:50:28 Image size of job updated: 1
	3  -  MemoryUsage of job (MB)
	2436  -  ResidentSetSize of job (KB)
...
006 (952661.000.000) 05/24 13:55:29 Image size of job updated: 389576
	212  -  MemoryUsage of job (MB)
	216328  -  ResidentSetSize of job (KB)
...
006 (952661.000.000) 05/24 13:56:30 Image size of job updated: 389680
	212  -  MemoryUsage of job (MB)
	216328  -  ResidentSetSize of job (KB)
...
005 (952661.000.000) 05/24 13:56:31 Job terminated.
	(1) Normal termination (return value 0)
		Usr 0 00:04:14, Sys 0 00:00:03  -  Run Remote Usage
		Usr 0 00:00:00, Sys 0 00:00:00  -  Run Local Usage
		Usr 0 00:04:14, Sys 0 00:00:03  -  Total Remote Usage
		Usr 0 00:00:00, Sys 0 00:00:00  -  Total Local Usage
	76044  -  Run Bytes Sent By Job
	92797  -  Run Bytes Received By Job
	76044  -  Total Bytes Sent By Job
	92797  -  Total Bytes Received By Job
	Partitionable Resources :    Usage  Request Allocated
	   Cpus                 :                 1         1
	   Disk (KB)            :      208      100   5718210
	   Memory (MB)          :      212        1      2048
...
