000 (952679.000.000) 05/24 13:48:28 Job submitted from host: <18.12.1.74:43431?addrs=18.12.1.74-43431>
...
001 (952679.000.000) 05/24 13:48:51 Job executing on host: <18.12.9.6:47227>
...
006 (952679.000.000) 05/24 13:48:59 Image size of job updated: 268652
	103  -  MemoryUsage of job (MB)
	104736  -  ResidentSetSize of job (KB)
...
006 (952679.000.000) 05/24 13:53:59 Image size of job updated: 389672
	219  -  MemoryUsage of job (MB)
	223564  -  ResidentSetSize of job (KB)
...
006 (952679.000.000) 05/24 13:55:15 Image size of job updated: 389732
	219  -  MemoryUsage of job (MB)
	223564  -  ResidentSetSize of job (KB)
...
005 (952679.000.000) 05/24 13:55:16 Job terminated.
	(1) Normal termination (return value 0)
		Usr 0 00:04:17, Sys 0 00:00:03  -  Run Remote Usage
		Usr 0 00:00:00, Sys 0 00:00:00  -  Run Local Usage
		Usr 0 00:04:17, Sys 0 00:00:03  -  Total Remote Usage
		Usr 0 00:00:00, Sys 0 00:00:00  -  Total Local Usage
	76182  -  Run Bytes Sent By Job
	92797  -  Run Bytes Received By Job
	76182  -  Total Bytes Sent By Job
	92797  -  Total Bytes Received By Job
	Partitionable Resources :    Usage  Request Allocated
	   Cpus                 :                 1         1
	   Disk (KB)            :      208      100   8521902
	   Memory (MB)          :      219        1         1
...
