000 (952663.000.000) 05/24 13:47:53 Job submitted from host: <18.12.1.74:43431?addrs=18.12.1.74-43431>
...
001 (952663.000.000) 05/24 13:48:15 Job executing on host: <18.12.8.1:43066>
...
006 (952663.000.000) 05/24 13:48:23 Image size of job updated: 102104
	19  -  MemoryUsage of job (MB)
	19416  -  ResidentSetSize of job (KB)
...
006 (952663.000.000) 05/24 13:53:23 Image size of job updated: 389652
	169  -  MemoryUsage of job (MB)
	172332  -  ResidentSetSize of job (KB)
...
005 (952663.000.000) 05/24 13:54:14 Job terminated.
	(1) Normal termination (return value 0)
		Usr 0 00:03:54, Sys 0 00:00:03  -  Run Remote Usage
		Usr 0 00:00:00, Sys 0 00:00:00  -  Run Local Usage
		Usr 0 00:03:54, Sys 0 00:00:03  -  Total Remote Usage
		Usr 0 00:00:00, Sys 0 00:00:00  -  Total Local Usage
	75357  -  Run Bytes Sent By Job
	92797  -  Run Bytes Received By Job
	75357  -  Total Bytes Sent By Job
	92797  -  Total Bytes Received By Job
	Partitionable Resources :    Usage  Request Allocated
	   Cpus                 :                 1         1
	   Disk (KB)            :      207      100   5718142
	   Memory (MB)          :      169        1         1
...
