000 (952669.000.000) 05/24 13:48:06 Job submitted from host: <18.12.1.74:43431?addrs=18.12.1.74-43431>
...
001 (952669.000.000) 05/24 13:48:15 Job executing on host: <18.12.9.5:49709>
...
006 (952669.000.000) 05/24 13:48:25 Image size of job updated: 265280
	90  -  MemoryUsage of job (MB)
	91928  -  ResidentSetSize of job (KB)
...
006 (952669.000.000) 05/24 13:53:23 Image size of job updated: 389660
	165  -  MemoryUsage of job (MB)
	168372  -  ResidentSetSize of job (KB)
...
005 (952669.000.000) 05/24 13:54:57 Job terminated.
	(1) Normal termination (return value 0)
		Usr 0 00:04:28, Sys 0 00:00:02  -  Run Remote Usage
		Usr 0 00:00:00, Sys 0 00:00:00  -  Run Local Usage
		Usr 0 00:04:28, Sys 0 00:00:02  -  Total Remote Usage
		Usr 0 00:00:00, Sys 0 00:00:00  -  Total Local Usage
	76094  -  Run Bytes Sent By Job
	92797  -  Run Bytes Received By Job
	76094  -  Total Bytes Sent By Job
	92797  -  Total Bytes Received By Job
	Partitionable Resources :    Usage  Request Allocated
	   Cpus                 :                 1         1
	   Disk (KB)            :      208      100   8514605
	   Memory (MB)          :      165        1         1
...
