000 (952687.000.000) 05/24 13:48:45 Job submitted from host: <18.12.1.74:43431?addrs=18.12.1.74-43431>
...
001 (952687.000.000) 05/24 13:48:51 Job executing on host: <18.12.8.51:45475>
...
006 (952687.000.000) 05/24 13:48:59 Image size of job updated: 210880
	26  -  MemoryUsage of job (MB)
	25616  -  ResidentSetSize of job (KB)
...
006 (952687.000.000) 05/24 13:53:59 Image size of job updated: 389668
	211  -  MemoryUsage of job (MB)
	216008  -  ResidentSetSize of job (KB)
...
005 (952687.000.000) 05/24 13:54:07 Job terminated.
	(1) Normal termination (return value 0)
		Usr 0 00:03:22, Sys 0 00:00:03  -  Run Remote Usage
		Usr 0 00:00:00, Sys 0 00:00:00  -  Run Local Usage
		Usr 0 00:03:22, Sys 0 00:00:03  -  Total Remote Usage
		Usr 0 00:00:00, Sys 0 00:00:00  -  Total Local Usage
	75059  -  Run Bytes Sent By Job
	92797  -  Run Bytes Received By Job
	75059  -  Total Bytes Sent By Job
	92797  -  Total Bytes Received By Job
	Partitionable Resources :    Usage  Request Allocated
	   Cpus                 :                 1         1
	   Disk (KB)            :      207      100   5346600
	   Memory (MB)          :      211        1         1
...
