000 (952666.000.000) 05/24 13:48:00 Job submitted from host: <18.12.1.74:43431?addrs=18.12.1.74-43431>
...
001 (952666.000.000) 05/24 13:48:16 Job executing on host: <18.12.8.3:47519>
...
006 (952666.000.000) 05/24 13:48:24 Image size of job updated: 103400
	23  -  MemoryUsage of job (MB)
	23320  -  ResidentSetSize of job (KB)
...
006 (952666.000.000) 05/24 13:53:24 Image size of job updated: 389680
	163  -  MemoryUsage of job (MB)
	166732  -  ResidentSetSize of job (KB)
...
005 (952666.000.000) 05/24 13:53:34 Job terminated.
	(1) Normal termination (return value 0)
		Usr 0 00:03:22, Sys 0 00:00:02  -  Run Remote Usage
		Usr 0 00:00:00, Sys 0 00:00:00  -  Run Local Usage
		Usr 0 00:03:22, Sys 0 00:00:02  -  Total Remote Usage
		Usr 0 00:00:00, Sys 0 00:00:00  -  Total Local Usage
	75567  -  Run Bytes Sent By Job
	92797  -  Run Bytes Received By Job
	75567  -  Total Bytes Sent By Job
	92797  -  Total Bytes Received By Job
	Partitionable Resources :    Usage  Request Allocated
	   Cpus                 :                 1         1
	   Disk (KB)            :      207      100   6173792
	   Memory (MB)          :      163        1         1
...
