000 (952662.000.000) 05/24 13:47:51 Job submitted from host: <18.12.1.74:43431?addrs=18.12.1.74-43431>
...
001 (952662.000.000) 05/24 13:48:15 Job executing on host: <18.12.9.6:47227>
...
006 (952662.000.000) 05/24 13:48:24 Image size of job updated: 1
	3  -  MemoryUsage of job (MB)
	2440  -  ResidentSetSize of job (KB)
...
006 (952662.000.000) 05/24 13:53:25 Image size of job updated: 389648
	172  -  MemoryUsage of job (MB)
	176060  -  ResidentSetSize of job (KB)
...
005 (952662.000.000) 05/24 13:54:16 Job terminated.
	(1) Normal termination (return value 0)
		Usr 0 00:03:57, Sys 0 00:00:03  -  Run Remote Usage
		Usr 0 00:00:00, Sys 0 00:00:00  -  Run Local Usage
		Usr 0 00:03:57, Sys 0 00:00:03  -  Total Remote Usage
		Usr 0 00:00:00, Sys 0 00:00:00  -  Total Local Usage
	75329  -  Run Bytes Sent By Job
	92797  -  Run Bytes Received By Job
	75329  -  Total Bytes Sent By Job
	92797  -  Total Bytes Received By Job
	Partitionable Resources :    Usage  Request Allocated
	   Cpus                 :                 1         1
	   Disk (KB)            :      207      100   8521905
	   Memory (MB)          :      172        1         1
...
