000 (952680.000.000) 05/24 13:48:30 Job submitted from host: <18.12.1.74:43431?addrs=18.12.1.74-43431>
...
001 (952680.000.000) 05/24 13:48:51 Job executing on host: <18.12.9.2:42336>
...
006 (952680.000.000) 05/24 13:48:59 Image size of job updated: 1
	3  -  MemoryUsage of job (MB)
	2440  -  ResidentSetSize of job (KB)
...
006 (952680.000.000) 05/24 13:53:39 Image size of job updated: 389692
	3  -  MemoryUsage of job (MB)
	2440  -  ResidentSetSize of job (KB)
...
005 (952680.000.000) 05/24 13:53:41 Job terminated.
	(1) Normal termination (return value 0)
		Usr 0 00:03:25, Sys 0 00:00:01  -  Run Remote Usage
		Usr 0 00:00:00, Sys 0 00:00:00  -  Run Local Usage
		Usr 0 00:03:25, Sys 0 00:00:01  -  Total Remote Usage
		Usr 0 00:00:00, Sys 0 00:00:00  -  Total Local Usage
	74852  -  Run Bytes Sent By Job
	92797  -  Run Bytes Received By Job
	74852  -  Total Bytes Sent By Job
	92797  -  Total Bytes Received By Job
	Partitionable Resources :    Usage  Request Allocated
	   Cpus                 :                 1         1
	   Disk (KB)            :      207      100   8351677
	   Memory (MB)          :        3        1         1
...
