000 (952659.000.000) 05/24 13:47:45 Job submitted from host: <18.12.1.74:43431?addrs=18.12.1.74-43431>
...
001 (952659.000.000) 05/24 13:48:14 Job executing on host: <18.12.8.1:43066>
...
006 (952659.000.000) 05/24 13:48:23 Image size of job updated: 102108
	19  -  MemoryUsage of job (MB)
	19424  -  ResidentSetSize of job (KB)
...
006 (952659.000.000) 05/24 13:53:23 Image size of job updated: 389648
	175  -  MemoryUsage of job (MB)
	178876  -  ResidentSetSize of job (KB)
...
005 (952659.000.000) 05/24 13:54:26 Job terminated.
	(1) Normal termination (return value 0)
		Usr 0 00:04:10, Sys 0 00:00:05  -  Run Remote Usage
		Usr 0 00:00:00, Sys 0 00:00:00  -  Run Local Usage
		Usr 0 00:04:10, Sys 0 00:00:05  -  Total Remote Usage
		Usr 0 00:00:00, Sys 0 00:00:00  -  Total Local Usage
	75330  -  Run Bytes Sent By Job
	92797  -  Run Bytes Received By Job
	75330  -  Total Bytes Sent By Job
	92797  -  Total Bytes Received By Job
	Partitionable Resources :    Usage  Request Allocated
	   Cpus                 :                 1         1
	   Disk (KB)            :      207      100   5718211
	   Memory (MB)          :      175        1         1
...
