000 (952664.000.000) 05/24 13:47:56 Job submitted from host: <18.12.1.74:43431?addrs=18.12.1.74-43431>
...
001 (952664.000.000) 05/24 13:48:15 Job executing on host: <18.12.9.6:47227>
...
006 (952664.000.000) 05/24 13:48:24 Image size of job updated: 1212
	1  -  MemoryUsage of job (MB)
	168  -  ResidentSetSize of job (KB)
...
006 (952664.000.000) 05/24 13:53:25 Image size of job updated: 389668
	165  -  MemoryUsage of job (MB)
	168028  -  ResidentSetSize of job (KB)
...
005 (952664.000.000) 05/24 13:55:09 Job terminated.
	(1) Normal termination (return value 0)
		Usr 0 00:04:15, Sys 0 00:00:03  -  Run Remote Usage
		Usr 0 00:00:00, Sys 0 00:00:00  -  Run Local Usage
		Usr 0 00:04:15, Sys 0 00:00:03  -  Total Remote Usage
		Usr 0 00:00:00, Sys 0 00:00:00  -  Total Local Usage
	76085  -  Run Bytes Sent By Job
	92797  -  Run Bytes Received By Job
	76085  -  Total Bytes Sent By Job
	92797  -  Total Bytes Received By Job
	Partitionable Resources :    Usage  Request Allocated
	   Cpus                 :                 1         1
	   Disk (KB)            :      208      100   8521905
	   Memory (MB)          :      165        1         1
...
