000 (952686.000.000) 05/24 13:48:43 Job submitted from host: <18.12.1.74:43431?addrs=18.12.1.74-43431>
...
001 (952686.000.000) 05/24 13:48:51 Job executing on host: <18.12.6.6:47957>
...
006 (952686.000.000) 05/24 13:48:59 Image size of job updated: 1
	3  -  MemoryUsage of job (MB)
	2440  -  ResidentSetSize of job (KB)
...
006 (952686.000.000) 05/24 13:53:36 Image size of job updated: 389664
	3  -  MemoryUsage of job (MB)
	2440  -  ResidentSetSize of job (KB)
...
005 (952686.000.000) 05/24 13:53:37 Job terminated.
	(1) Normal termination (return value 0)
		Usr 0 00:02:54, Sys 0 00:00:01  -  Run Remote Usage
		Usr 0 00:00:00, Sys 0 00:00:00  -  Run Local Usage
		Usr 0 00:02:54, Sys 0 00:00:01  -  Total Remote Usage
		Usr 0 00:00:00, Sys 0 00:00:00  -  Total Local Usage
	74466  -  Run Bytes Sent By Job
	92797  -  Run Bytes Received By Job
	74466  -  Total Bytes Sent By Job
	92797  -  Total Bytes Received By Job
	Partitionable Resources :    Usage  Request Allocated
	   Cpus                 :                 1         1
	   Disk (KB)            :      206      100   8441109
	   Memory (MB)          :        3        1         1
...
