000 (952673.000.000) 05/24 13:48:15 Job submitted from host: <18.12.1.74:43431?addrs=18.12.1.74-43431>
...
001 (952673.000.000) 05/24 13:48:51 Job executing on host: <18.12.8.1:43066>
...
006 (952673.000.000) 05/24 13:49:00 Image size of job updated: 1
	3  -  MemoryUsage of job (MB)
	2440  -  ResidentSetSize of job (KB)
...
006 (952673.000.000) 05/24 13:54:01 Image size of job updated: 389616
	164  -  MemoryUsage of job (MB)
	167284  -  ResidentSetSize of job (KB)
...
005 (952673.000.000) 05/24 13:55:41 Job terminated.
	(1) Normal termination (return value 0)
		Usr 0 00:04:40, Sys 0 00:00:03  -  Run Remote Usage
		Usr 0 00:00:00, Sys 0 00:00:00  -  Run Local Usage
		Usr 0 00:04:40, Sys 0 00:00:03  -  Total Remote Usage
		Usr 0 00:00:00, Sys 0 00:00:00  -  Total Local Usage
	76468  -  Run Bytes Sent By Job
	92797  -  Run Bytes Received By Job
	76468  -  Total Bytes Sent By Job
	92797  -  Total Bytes Received By Job
	Partitionable Resources :    Usage  Request Allocated
	   Cpus                 :                 1         1
	   Disk (KB)            :      208      100   5718133
	   Memory (MB)          :      164        1         1
...
