000 (952660.000.000) 05/24 13:47:47 Job submitted from host: <18.12.1.74:43431?addrs=18.12.1.74-43431>
...
001 (952660.000.000) 05/24 13:48:15 Job executing on host: <18.12.9.6:47227>
...
006 (952660.000.000) 05/24 13:48:23 Image size of job updated: 1212
	1  -  MemoryUsage of job (MB)
	168  -  ResidentSetSize of job (KB)
...
006 (952660.000.000) 05/24 13:53:23 Image size of job updated: 389468
	166  -  MemoryUsage of job (MB)
	169236  -  ResidentSetSize of job (KB)
...
005 (952660.000.000) 05/24 13:54:32 Job terminated.
	(1) Normal termination (return value 0)
		Usr 0 00:04:09, Sys 0 00:00:03  -  Run Remote Usage
		Usr 0 00:00:00, Sys 0 00:00:00  -  Run Local Usage
		Usr 0 00:04:09, Sys 0 00:00:03  -  Total Remote Usage
		Usr 0 00:00:00, Sys 0 00:00:00  -  Total Local Usage
	75734  -  Run Bytes Sent By Job
	92797  -  Run Bytes Received By Job
	75734  -  Total Bytes Sent By Job
	92797  -  Total Bytes Received By Job
	Partitionable Resources :    Usage  Request Allocated
	   Cpus                 :                 1         1
	   Disk (KB)            :      207      100   8521637
	   Memory (MB)          :      166        1         1
...
