000 (952688.000.000) 05/24 13:48:47 Job submitted from host: <18.12.1.74:43431?addrs=18.12.1.74-43431>
...
001 (952688.000.000) 05/24 13:48:52 Job executing on host: <18.12.9.45:41095>
...
006 (952688.000.000) 05/24 13:49:01 Image size of job updated: 23228
	2  -  MemoryUsage of job (MB)
	1584  -  ResidentSetSize of job (KB)
...
006 (952688.000.000) 05/24 13:54:03 Image size of job updated: 389532
	211  -  MemoryUsage of job (MB)
	215256  -  ResidentSetSize of job (KB)
...
005 (952688.000.000) 05/24 13:55:06 Job terminated.
	(1) Normal termination (return value 0)
		Usr 0 00:03:17, Sys 0 00:00:02  -  Run Remote Usage
		Usr 0 00:00:00, Sys 0 00:00:00  -  Run Local Usage
		Usr 0 00:03:17, Sys 0 00:00:02  -  Total Remote Usage
		Usr 0 00:00:00, Sys 0 00:00:00  -  Total Local Usage
	76600  -  Run Bytes Sent By Job
	92797  -  Run Bytes Received By Job
	76600  -  Total Bytes Sent By Job
	92797  -  Total Bytes Received By Job
	Partitionable Resources :    Usage  Request Allocated
	   Cpus                 :                 1         1
	   Disk (KB)            :      208      100   3286807
	   Memory (MB)          :      211        1         1
...
