000 (952667.000.000) 05/24 13:48:02 Job submitted from host: <18.12.1.74:43431?addrs=18.12.1.74-43431>
...
001 (952667.000.000) 05/24 13:48:16 Job executing on host: <18.12.8.4:45475>
...
006 (952667.000.000) 05/24 13:48:24 Image size of job updated: 1
	3  -  MemoryUsage of job (MB)
	2436  -  ResidentSetSize of job (KB)
...
006 (952667.000.000) 05/24 13:53:20 Image size of job updated: 389612
	3  -  MemoryUsage of job (MB)
	2436  -  ResidentSetSize of job (KB)
...
005 (952667.000.000) 05/24 13:53:21 Job terminated.
	(1) Normal termination (return value 0)
		Usr 0 00:03:18, Sys 0 00:00:02  -  Run Remote Usage
		Usr 0 00:00:00, Sys 0 00:00:00  -  Run Local Usage
		Usr 0 00:03:18, Sys 0 00:00:02  -  Total Remote Usage
		Usr 0 00:00:00, Sys 0 00:00:00  -  Total Local Usage
	74273  -  Run Bytes Sent By Job
	92797  -  Run Bytes Received By Job
	74273  -  Total Bytes Sent By Job
	92797  -  Total Bytes Received By Job
	Partitionable Resources :    Usage  Request Allocated
	   Cpus                 :                 1         1
	   Disk (KB)            :      206      100   5733687
	   Memory (MB)          :        3        1         1
...
