000 (952681.000.000) 05/24 13:48:32 Job submitted from host: <18.12.1.74:43431?addrs=18.12.1.74-43431>
...
001 (952681.000.000) 05/24 13:48:51 Job executing on host: <18.12.9.7:46716>
...
006 (952681.000.000) 05/24 13:48:59 Image size of job updated: 244512
	93  -  MemoryUsage of job (MB)
	94728  -  ResidentSetSize of job (KB)
...
006 (952681.000.000) 05/24 13:53:54 Image size of job updated: 389532
	93  -  MemoryUsage of job (MB)
	94728  -  ResidentSetSize of job (KB)
...
005 (952681.000.000) 05/24 13:53:55 Job terminated.
	(1) Normal termination (return value 0)
		Usr 0 00:03:03, Sys 0 00:00:01  -  Run Remote Usage
		Usr 0 00:00:00, Sys 0 00:00:00  -  Run Local Usage
		Usr 0 00:03:03, Sys 0 00:00:01  -  Total Remote Usage
		Usr 0 00:00:00, Sys 0 00:00:00  -  Total Local Usage
	74379  -  Run Bytes Sent By Job
	92797  -  Run Bytes Received By Job
	74379  -  Total Bytes Sent By Job
	92797  -  Total Bytes Received By Job
	Partitionable Resources :    Usage  Request Allocated
	   Cpus                 :                 1         1
	   Disk (KB)            :      206      100   8581936
	   Memory (MB)          :       93        1         1
...
