000 (952682.000.000) 05/24 13:48:34 Job submitted from host: <18.12.1.74:43431?addrs=18.12.1.74-43431>
...
001 (952682.000.000) 05/24 13:48:52 Job executing on host: <18.12.9.9:46278>
...
006 (952682.000.000) 05/24 13:49:00 Image size of job updated: 93792
	3  -  MemoryUsage of job (MB)
	2512  -  ResidentSetSize of job (KB)
...
006 (952682.000.000) 05/24 13:54:00 Image size of job updated: 389664
	211  -  MemoryUsage of job (MB)
	215292  -  ResidentSetSize of job (KB)
...
005 (952682.000.000) 05/24 13:54:49 Job terminated.
	(1) Normal termination (return value 0)
		Usr 0 00:04:02, Sys 0 00:00:02  -  Run Remote Usage
		Usr 0 00:00:00, Sys 0 00:00:00  -  Run Local Usage
		Usr 0 00:04:02, Sys 0 00:00:02  -  Total Remote Usage
		Usr 0 00:00:00, Sys 0 00:00:00  -  Total Local Usage
	75497  -  Run Bytes Sent By Job
	92797  -  Run Bytes Received By Job
	75497  -  Total Bytes Sent By Job
	92797  -  Total Bytes Received By Job
	Partitionable Resources :    Usage  Request Allocated
	   Cpus                 :                 1         1
	   Disk (KB)            :      207      100   8486970
	   Memory (MB)          :      211        1         1
...
