000 (952689.000.000) 05/24 13:48:49 Job submitted from host: <18.12.1.74:43431?addrs=18.12.1.74-43431>
...
001 (952689.000.000) 05/24 13:48:51 Job executing on host: <18.12.9.54:40219>
...
006 (952689.000.000) 05/24 13:49:00 Image size of job updated: 209504
	24  -  MemoryUsage of job (MB)
	24124  -  ResidentSetSize of job (KB)
...
006 (952689.000.000) 05/24 13:50:31 Image size of job updated: 389440
	24  -  MemoryUsage of job (MB)
	24124  -  ResidentSetSize of job (KB)
...
005 (952689.000.000) 05/24 13:50:33 Job terminated.
	(1) Normal termination (return value 0)
		Usr 0 00:00:59, Sys 0 00:00:00  -  Run Remote Usage
		Usr 0 00:00:00, Sys 0 00:00:00  -  Run Local Usage
		Usr 0 00:00:59, Sys 0 00:00:00  -  Total Remote Usage
		Usr 0 00:00:00, Sys 0 00:00:00  -  Total Local Usage
	67704  -  Run Bytes Sent By Job
	92797  -  Run Bytes Received By Job
	67704  -  Total Bytes Sent By Job
	92797  -  Total Bytes Received By Job
	Partitionable Resources :    Usage  Request Allocated
	   Cpus                 :                 1         1
	   Disk (KB)            :      200      100   3408966
	   Memory (MB)          :       24        1         1
...
