000 (952672.000.000) 05/24 13:48:13 Job submitted from host: <18.12.1.74:43431?addrs=18.12.1.74-43431>
...
001 (952672.000.000) 05/24 13:48:15 Job executing on host: <18.12.9.7:46716>
...
006 (952672.000.000) 05/24 13:48:24 Image size of job updated: 255688
	106  -  MemoryUsage of job (MB)
	108480  -  ResidentSetSize of job (KB)
...
006 (952672.000.000) 05/24 13:53:25 Image size of job updated: 389608
	171  -  MemoryUsage of job (MB)
	174328  -  ResidentSetSize of job (KB)
...
005 (952672.000.000) 05/24 13:54:13 Job terminated.
	(1) Normal termination (return value 0)
		Usr 0 00:03:50, Sys 0 00:00:02  -  Run Remote Usage
		Usr 0 00:00:00, Sys 0 00:00:00  -  Run Local Usage
		Usr 0 00:03:50, Sys 0 00:00:02  -  Total Remote Usage
		Usr 0 00:00:00, Sys 0 00:00:00  -  Total Local Usage
	75773  -  Run Bytes Sent By Job
	92797  -  Run Bytes Received By Job
	75773  -  Total Bytes Sent By Job
	92797  -  Total Bytes Received By Job
	Partitionable Resources :    Usage  Request Allocated
	   Cpus                 :                 1         1
	   Disk (KB)            :      207      100   8582412
	   Memory (MB)          :      171        1         1
...
