000 (952670.000.000) 05/24 13:48:08 Job submitted from host: <18.12.1.74:43431?addrs=18.12.1.74-43431>
...
001 (952670.000.000) 05/24 13:48:16 Job executing on host: <18.12.9.1:47154>
...
006 (952670.000.000) 05/24 13:48:24 Image size of job updated: 1
	3  -  MemoryUsage of job (MB)
	2436  -  ResidentSetSize of job (KB)
...
006 (952670.000.000) 05/24 13:53:24 Image size of job updated: 389620
	221  -  MemoryUsage of job (MB)
	225696  -  ResidentSetSize of job (KB)
...
005 (952670.000.000) 05/24 13:54:14 Job terminated.
	(1) Normal termination (return value 0)
		Usr 0 00:04:08, Sys 0 00:00:02  -  Run Remote Usage
		Usr 0 00:00:00, Sys 0 00:00:00  -  Run Local Usage
		Usr 0 00:04:08, Sys 0 00:00:02  -  Total Remote Usage
		Usr 0 00:00:00, Sys 0 00:00:00  -  Total Local Usage
	75780  -  Run Bytes Sent By Job
	92797  -  Run Bytes Received By Job
	75780  -  Total Bytes Sent By Job
	92797  -  Total Bytes Received By Job
	Partitionable Resources :    Usage  Request Allocated
	   Cpus                 :                 1         1
	   Disk (KB)            :      207      100   8502501
	   Memory (MB)          :      221        1         1
...
