000 (941632.000.000) 05/18 15:39:25 Job submitted from host: <18.12.1.74:43431?addrs=18.12.1.74-43431>
...
001 (941632.000.000) 05/18 15:39:35 Job executing on host: <18.12.8.1:43066>
...
006 (941632.000.000) 05/18 15:39:44 Image size of job updated: 104624
	22  -  MemoryUsage of job (MB)
	22204  -  ResidentSetSize of job (KB)
...
006 (941632.000.000) 05/18 15:44:45 Image size of job updated: 520388
	341  -  MemoryUsage of job (MB)
	348496  -  ResidentSetSize of job (KB)
...
005 (941632.000.000) 05/18 15:47:35 Job terminated.
	(1) Normal termination (return value 0)
		Usr 0 00:03:33, Sys 0 00:00:07  -  Run Remote Usage
		Usr 0 00:00:00, Sys 0 00:00:00  -  Run Local Usage
		Usr 0 00:03:33, Sys 0 00:00:07  -  Total Remote Usage
		Usr 0 00:00:00, Sys 0 00:00:00  -  Total Local Usage
	648595  -  Run Bytes Sent By Job
	89059  -  Run Bytes Received By Job
	648595  -  Total Bytes Sent By Job
	89059  -  Total Bytes Received By Job
	Partitionable Resources :    Usage  Request Allocated
	   Cpus                 :                 1         1
	   Disk (KB)            :      763      100   5640886
	   Memory (MB)          :      341        1         1
...
