
----------------------------------------------------
Job started on Wed May 18 15:39:37 EDT 2016 at WN: t2bat0001.cmsaf.mit.edu 
Job is running on Linux t2bat0001.cmsaf.mit.edu 2.6.32-358.el6.x86_64 #1 SMP Fri Feb 22 20:37:17 CST 2013 x86_64 x86_64 x86_64 GNU/Linux
----------------------------------------------------

free disk space is...
Filesystem            Size  Used Avail Use% Mounted on
/dev/sda3              20G  3.4G   16G  19% /
tmpfs                  12G     0   12G   0% /dev/shm
/dev/sda1              97M   32M   61M  35% /boot
/dev/sda4             645G  107G  538G  17% /export/data1
/dev/sdb1             1.8T  1.7T  149G  92% /export/00b
/dev/sdc1             1.8T  1.7T  156G  92% /export/00c
/dev/sdd1             1.8T  1.7T  156G  92% /export/00d
/dev/sde1             1.8T  1.7T  153G  92% /export/00e
/dev/sdf1             1.8T  1.7T  176G  91% /export/00f
fuse_dfs              6.5P  5.7P  870T  87% /mnt/hadoop
cvmfs2                 98G   82G   16G  84% /cvmfs/cms.cern.ch
t2srv0004:/export/db  135G  187M  135G   1% /net/t2srv0004/db
cvmfs2                 98G   82G   16G  84% /cvmfs/cms-ib.cern.ch

root directory is...
/cvmfs/cms.cern.ch/slc6_amd64_gcc491/lcg/root/6.02.12/

working directory is...
/export/data1/condor/execute/dir_9368

contents before job processing is...
total 160
drwx------ 2 ilaflott ilaflott  4096 May 18 15:39 .
drwxr-xr-x 7 condor   root      4096 May 18 15:39 ..
-rwx------ 1 ilaflott ilaflott    48 May 18 15:39 .chirp.config
-rw-r--r-- 1 condor   condor   37199 May 18 15:39 .job.ad
-rw-r--r-- 1 condor   condor    6183 May 18 15:39 .machine.ad
-rw-r--r-- 1 ilaflott ilaflott 32988 May 18 15:39 5p02TeV_HighPtJet80_forests.txt
-rwxrwxr-x 1 ilaflott ilaflott 55286 May 18 15:39 DijetResponse.exe
-rw-r--r-- 1 ilaflott ilaflott     0 May 18 15:39 _condor_stderr
-rw-r--r-- 1 ilaflott ilaflott  1310 May 18 15:39 _condor_stdout
-rwxr-xr-x 1 ilaflott ilaflott   785 May 18 15:39 condor_exec.exe

Processing...

///////////////////
reading files 0 to 20
///////////////////

opening trees from file /mnt/hadoop/cms/store/user/abaty/transferTargetDirectories/2015pp_HighPtJet80/HiForestAOD_1.root
beginning jet loop...

opening trees from file /mnt/hadoop/cms/store/user/abaty/transferTargetDirectories/2015pp_HighPtJet80/HiForestAOD_10.root
beginning jet loop...

opening trees from file /mnt/hadoop/cms/store/user/abaty/transferTargetDirectories/2015pp_HighPtJet80/HiForestAOD_100.root
beginning jet loop...

opening trees from file /mnt/hadoop/cms/store/user/abaty/transferTargetDirectories/2015pp_HighPtJet80/HiForestAOD_101.root
beginning jet loop...

opening trees from file /mnt/hadoop/cms/store/user/abaty/transferTargetDirectories/2015pp_HighPtJet80/HiForestAOD_102.root
beginning jet loop...

opening trees from file /mnt/hadoop/cms/store/user/abaty/transferTargetDirectories/2015pp_HighPtJet80/HiForestAOD_103.root
beginning jet loop...

opening trees from file /mnt/hadoop/cms/store/user/abaty/transferTargetDirectories/2015pp_HighPtJet80/HiForestAOD_104.root
beginning jet loop...

opening trees from file /mnt/hadoop/cms/store/user/abaty/transferTargetDirectories/2015pp_HighPtJet80/HiForestAOD_105.root
beginning jet loop...

opening trees from file /mnt/hadoop/cms/store/user/abaty/transferTargetDirectories/2015pp_HighPtJet80/HiForestAOD_106.root
beginning jet loop...

opening trees from file /mnt/hadoop/cms/store/user/abaty/transferTargetDirectories/2015pp_HighPtJet80/HiForestAOD_107.root
beginning jet loop...

opening trees from file /mnt/hadoop/cms/store/user/abaty/transferTargetDirectories/2015pp_HighPtJet80/HiForestAOD_108.root
beginning jet loop...

opening trees from file /mnt/hadoop/cms/store/user/abaty/transferTargetDirectories/2015pp_HighPtJet80/HiForestAOD_109.root
beginning jet loop...

opening trees from file /mnt/hadoop/cms/store/user/abaty/transferTargetDirectories/2015pp_HighPtJet80/HiForestAOD_11.root
beginning jet loop...

opening trees from file /mnt/hadoop/cms/store/user/abaty/transferTargetDirectories/2015pp_HighPtJet80/HiForestAOD_110.root
beginning jet loop...

opening trees from file /mnt/hadoop/cms/store/user/abaty/transferTargetDirectories/2015pp_HighPtJet80/HiForestAOD_111.root
beginning jet loop...

opening trees from file /mnt/hadoop/cms/store/user/abaty/transferTargetDirectories/2015pp_HighPtJet80/HiForestAOD_112.root
beginning jet loop...

opening trees from file /mnt/hadoop/cms/store/user/abaty/transferTargetDirectories/2015pp_HighPtJet80/HiForestAOD_113.root
beginning jet loop...

opening trees from file /mnt/hadoop/cms/store/user/abaty/transferTargetDirectories/2015pp_HighPtJet80/HiForestAOD_114.root
beginning jet loop...

opening trees from file /mnt/hadoop/cms/store/user/abaty/transferTargetDirectories/2015pp_HighPtJet80/HiForestAOD_115.root
beginning jet loop...

opening trees from file /mnt/hadoop/cms/store/user/abaty/transferTargetDirectories/2015pp_HighPtJet80/HiForestAOD_116.root
beginning jet loop...

Done!
