000 (941633.000.000) 05/18 15:39:25 Job submitted from host: <18.12.1.74:43431?addrs=18.12.1.74-43431>
...
001 (941633.000.000) 05/18 15:39:35 Job executing on host: <18.12.9.6:47227>
...
006 (941633.000.000) 05/18 15:39:44 Image size of job updated: 1
	3  -  MemoryUsage of job (MB)
	2436  -  ResidentSetSize of job (KB)
...
006 (941633.000.000) 05/18 15:44:45 Image size of job updated: 520240
	340  -  MemoryUsage of job (MB)
	347856  -  ResidentSetSize of job (KB)
...
006 (941633.000.000) 05/18 15:47:37 Image size of job updated: 520612
	340  -  MemoryUsage of job (MB)
	347856  -  ResidentSetSize of job (KB)
...
005 (941633.000.000) 05/18 15:47:38 Job terminated.
	(1) Normal termination (return value 0)
		Usr 0 00:03:12, Sys 0 00:00:05  -  Run Remote Usage
		Usr 0 00:00:00, Sys 0 00:00:00  -  Run Local Usage
		Usr 0 00:03:12, Sys 0 00:00:05  -  Total Remote Usage
		Usr 0 00:00:00, Sys 0 00:00:00  -  Total Local Usage
	648363  -  Run Bytes Sent By Job
	89059  -  Run Bytes Received By Job
	648363  -  Total Bytes Sent By Job
	89059  -  Total Bytes Received By Job
	Partitionable Resources :    Usage  Request Allocated
	   Cpus                 :                 1         1
	   Disk (KB)            :      763      100   7979015
	   Memory (MB)          :      340        1         1
...
