
----------------------------------------------------
Job started on Wed May 18 15:31:55 EDT 2016 at WN: t2bat0001.cmsaf.mit.edu 
Job is running on Linux t2bat0001.cmsaf.mit.edu 2.6.32-358.el6.x86_64 #1 SMP Fri Feb 22 20:37:17 CST 2013 x86_64 x86_64 x86_64 GNU/Linux
----------------------------------------------------

free disk space is...
Filesystem            Size  Used Avail Use% Mounted on
/dev/sda3              20G  3.4G   16G  19% /
tmpfs                  12G     0   12G   0% /dev/shm
/dev/sda1              97M   32M   61M  35% /boot
/dev/sda4             645G  106G  539G  17% /export/data1
/dev/sdb1             1.8T  1.7T  149G  92% /export/00b
/dev/sdc1             1.8T  1.7T  156G  92% /export/00c
/dev/sdd1             1.8T  1.7T  156G  92% /export/00d
/dev/sde1             1.8T  1.7T  153G  92% /export/00e
/dev/sdf1             1.8T  1.7T  176G  91% /export/00f
fuse_dfs              6.5P  5.7P  870T  87% /mnt/hadoop
cvmfs2                 98G   82G   16G  84% /cvmfs/cms.cern.ch
t2srv0004:/export/db  135G  187M  135G   1% /net/t2srv0004/db
cvmfs2                 98G   82G   16G  84% /cvmfs/cms-ib.cern.ch

root directory is...
/cvmfs/cms.cern.ch/slc6_amd64_gcc491/lcg/root/6.02.12/

working directory is...
/export/data1/condor/execute/dir_31523

contents before job processing is...
total 160
drwx------ 2 ilaflott ilaflott  4096 May 18 15:31 .
drwxr-xr-x 7 condor   root      4096 May 18 15:31 ..
-rwx------ 1 ilaflott ilaflott    48 May 18 15:31 .chirp.config
-rw-r--r-- 1 condor   condor   37197 May 18 15:31 .job.ad
-rw-r--r-- 1 condor   condor    6185 May 18 15:31 .machine.ad
-rw-r--r-- 1 ilaflott ilaflott 32988 May 18 15:31 5p02TeV_HighPtJet80_forests.txt
-rwxrwxr-x 1 ilaflott ilaflott 55286 May 18 15:31 DijetResponse.exe
-rw-r--r-- 1 ilaflott ilaflott     0 May 18 15:31 _condor_stderr
-rw-r--r-- 1 ilaflott ilaflott  1311 May 18 15:31 _condor_stdout
-rwxr-xr-x 1 ilaflott ilaflott   785 May 18 15:31 condor_exec.exe

Processing...

debugMode is ON

///////////////////
reading files 0 to 5
radius =  4
isMC   = 0
///////////////////

filelist used is 5p02TeV_HighPtJet80_forests.txt
opening trees from file /mnt/hadoop/cms/store/user/abaty/transferTargetDirectories/2015pp_HighPtJet80/HiForestAOD_1.root
jetEntries = 11826
beginning jet loop...
jet photon pair found
jet photon pair found
jet photon pair found
jet photon pair found
jet photon pair found
jet photon pair found
jet photon pair found
jet photon pair found
jet photon pair found
jet photon pair found
jet photon pair found
jet photon pair found
jet photon pair found
jet photon pair found
jet photon pair found
jet photon pair found
jet photon pair found
jet photon pair found
jet photon pair found
jet photon pair found
jet photon pair found
jet photon pair found
jet photon pair found
jet photon pair found
jet photon pair found
jet photon pair found
jet photon pair found
jet photon pair found
jet photon pair found
jet photon pair found
jet photon pair found
jet photon pair found
jet photon pair found
jet photon pair found
jet photon pair found
jet photon pair found
jet photon pair found
jet photon pair found
jet photon pair found
jet photon pair found
jet photon pair found
jet photon pair found
jet photon pair found
jet photon pair found
jet photon pair found
jet photon pair found
jet photon pair found
jet photon pair found
jet photon pair found
jet photon pair found
jet photon pair found
jet photon pair found
jet photon pair found
jet photon pair found
jet photon pair found
jet photon pair found
jet photon pair found
jet photon pair found
jet photon pair found
jet photon pair found
jet photon pair found
jet photon pair found
jet photon pair found
jet photon pair found
jet photon pair found
jet photon pair found
jet photon pair found
jet photon pair found
jet photon pair found
jet photon pair found
jet photon pair found
jet photon pair found
jet photon pair found
jet photon pair found
jet photon pair found
jet photon pair found
jet photon pair found
jet photon pair found
jet photon pair found
jet photon pair found
jet photon pair found
jet photon pair found
jet photon pair found
jet photon pair found
jet photon pair found
jet photon pair found
jet photon pair found
jet photon pair found
jet photon pair found
jet photon pair found
jet photon pair found
jet photon pair found
jet photon pair found
jet photon pair found
jet photon pair found
jet photon pair found
jet photon pair found
jet photon pair found
jet photon pair found
jet photon pair found
jet photon pair found
jet photon pair found
jet photon pair found
jet photon pair found
jet photon pair found
jet photon pair found
jet photon pair found
jet photon pair found
jet photon pair found
jet photon pair found
jet photon pair found
jet photon pair found
jet photon pair found
jet photon pair found
jet photon pair found
jet photon pair found
jet photon pair found
jet photon pair found
jet photon pair found
jet photon pair found
jet photon pair found
jet photon pair found
jet photon pair found
jet photon pair found
jet photon pair found
jet photon pair found
jet photon pair found
jet photon pair found
jet photon pair found
jet photon pair found
jet photon pair found
jet photon pair found
jet photon pair found
jet photon pair found

opening trees from file /mnt/hadoop/cms/store/user/abaty/transferTargetDirectories/2015pp_HighPtJet80/HiForestAOD_10.root
jetEntries = 14680
beginning jet loop...
jet photon pair found
jet photon pair found
jet photon pair found
jet photon pair found
jet photon pair found
jet photon pair found
jet photon pair found
jet photon pair found
jet photon pair found
jet photon pair found
jet photon pair found
jet photon pair found
jet photon pair found
jet photon pair found
jet photon pair found
jet photon pair found
jet photon pair found
jet photon pair found
jet photon pair found
jet photon pair found
jet photon pair found
jet photon pair found
jet photon pair found
jet photon pair found
jet photon pair found
jet photon pair found
jet photon pair found
jet photon pair found
jet photon pair found
jet photon pair found
jet photon pair found
jet photon pair found
jet photon pair found
jet photon pair found
jet photon pair found
jet photon pair found
jet photon pair found
jet photon pair found
jet photon pair found
jet photon pair found
jet photon pair found
jet photon pair found
jet photon pair found
jet photon pair found
jet photon pair found
jet photon pair found
jet photon pair found
jet photon pair found
jet photon pair found
jet photon pair found
jet photon pair found
jet photon pair found
jet photon pair found
jet photon pair found
jet photon pair found
jet photon pair found
jet photon pair found
jet photon pair found
jet photon pair found
jet photon pair found
jet photon pair found
jet photon pair found
jet photon pair found
jet photon pair found
jet photon pair found
jet photon pair found
jet photon pair found
jet photon pair found
jet photon pair found
jet photon pair found
jet photon pair found
jet photon pair found
jet photon pair found
jet photon pair found
jet photon pair found
jet photon pair found
jet photon pair found
jet photon pair found
jet photon pair found
jet photon pair found
jet photon pair found
jet photon pair found
jet photon pair found
jet photon pair found
jet photon pair found
jet photon pair found
jet photon pair found
jet photon pair found
jet photon pair found
jet photon pair found
jet photon pair found
jet photon pair found
jet photon pair found
jet photon pair found
jet photon pair found
jet photon pair found
jet photon pair found
jet photon pair found
jet photon pair found
jet photon pair found
jet photon pair found
jet photon pair found
jet photon pair found
jet photon pair found
jet photon pair found
jet photon pair found
jet photon pair found
jet photon pair found
jet photon pair found
jet photon pair found
jet photon pair found
jet photon pair found
jet photon pair found
jet photon pair found
jet photon pair found
jet photon pair found
jet photon pair found
jet photon pair found
jet photon pair found
jet photon pair found
jet photon pair found
jet photon pair found
jet photon pair found
jet photon pair found
jet photon pair found
jet photon pair found
jet photon pair found
jet photon pair found
jet photon pair found
jet photon pair found
jet photon pair found
jet photon pair found
jet photon pair found
jet photon pair found
jet photon pair found
jet photon pair found
jet photon pair found
jet photon pair found
jet photon pair found
jet photon pair found
jet photon pair found
jet photon pair found
jet photon pair found
jet photon pair found

opening trees from file /mnt/hadoop/cms/store/user/abaty/transferTargetDirectories/2015pp_HighPtJet80/HiForestAOD_100.root
jetEntries = 77550
beginning jet loop...
jet photon pair found
jet photon pair found
jet photon pair found
jet photon pair found
jet photon pair found
jet photon pair found
jet photon pair found
jet photon pair found
jet photon pair found
jet photon pair found
jet photon pair found
jet photon pair found
jet photon pair found
jet photon pair found
jet photon pair found
jet photon pair found
jet photon pair found
jet photon pair found
jet photon pair found
jet photon pair found
jet photon pair found
jet photon pair found
jet photon pair found
jet photon pair found
jet photon pair found
jet photon pair found
jet photon pair found
jet photon pair found
jet photon pair found
jet photon pair found
jet photon pair found
jet photon pair found
jet photon pair found
jet photon pair found
jet photon pair found
jet photon pair found
jet photon pair found
jet photon pair found
jet photon pair found
jet photon pair found
jet photon pair found
jet photon pair found
jet photon pair found
jet photon pair found
jet photon pair found
jet photon pair found
jet photon pair found
jet photon pair found
jet photon pair found
jet photon pair found
jet photon pair found
jet photon pair found
jet photon pair found
jet photon pair found
jet photon pair found
jet photon pair found
jet photon pair found
jet photon pair found
jet photon pair found
jet photon pair found
jet photon pair found
jet photon pair found
jet photon pair found
jet photon pair found
jet photon pair found
jet photon pair found
jet photon pair found
jet photon pair found
jet photon pair found
jet photon pair found
jet photon pair found
jet photon pair found
jet photon pair found
jet photon pair found
jet photon pair found
jet photon pair found
jet photon pair found
jet photon pair found
jet photon pair found
jet photon pair found
jet photon pair found
jet photon pair found
jet photon pair found
jet photon pair found
jet photon pair found
jet photon pair found
jet photon pair found
jet photon pair found
jet photon pair found
jet photon pair found
jet photon pair found
jet photon pair found
jet photon pair found
jet photon pair found
jet photon pair found
jet photon pair found
jet photon pair found
jet photon pair found
jet photon pair found
jet photon pair found
jet photon pair found
jet photon pair found
jet photon pair found
jet photon pair found
jet photon pair found
jet photon pair found
jet photon pair found
jet photon pair found
jet photon pair found
jet photon pair found
jet photon pair found
jet photon pair found
jet photon pair found
jet photon pair found
jet photon pair found
jet photon pair found
jet photon pair found
jet photon pair found
jet photon pair found
jet photon pair found
jet photon pair found
jet photon pair found
jet photon pair found
jet photon pair found
jet photon pair found
jet photon pair found
jet photon pair found
jet photon pair found
jet photon pair found
jet photon pair found
jet photon pair found
jet photon pair found
jet photon pair found
jet photon pair found
jet photon pair found
jet photon pair found
jet photon pair found
jet photon pair found
jet photon pair found
jet photon pair found
jet photon pair found
jet photon pair found
jet photon pair found
jet photon pair found
jet photon pair found
jet photon pair found
jet photon pair found
jet photon pair found
jet photon pair found
jet photon pair found
jet photon pair found
jet photon pair found
jet photon pair found
jet photon pair found
jet photon pair found
jet photon pair found
jet photon pair found
jet photon pair found
jet photon pair found
jet photon pair found
jet photon pair found
jet photon pair found
jet photon pair found
jet photon pair found
jet photon pair found
jet photon pair found
jet photon pair found
jet photon pair found
jet photon pair found
jet photon pair found
jet photon pair found
jet photon pair found
jet photon pair found
jet photon pair found
jet photon pair found
jet photon pair found
jet photon pair found
jet photon pair found
jet photon pair found
jet photon pair found
jet photon pair found
jet photon pair found
jet photon pair found
jet photon pair found
jet photon pair found
jet photon pair found
jet photon pair found
jet photon pair found
jet photon pair found
jet photon pair found
jet photon pair found
jet photon pair found
jet photon pair found
jet photon pair found
jet photon pair found
jet photon pair found
jet photon pair found
jet photon pair found
jet photon pair found
jet photon pair found
jet photon pair found
jet photon pair found
jet photon pair found
jet photon pair found
jet photon pair found
jet photon pair found
jet photon pair found
jet photon pair found
jet photon pair found
jet photon pair found
jet photon pair found
jet photon pair found
jet photon pair found
jet photon pair found
jet photon pair found
jet photon pair found
jet photon pair found
jet photon pair found
jet photon pair found
jet photon pair found
jet photon pair found
jet photon pair found
jet photon pair found
jet photon pair found
jet photon pair found
jet photon pair found
jet photon pair found
jet photon pair found
jet photon pair found
jet photon pair found
jet photon pair found
jet photon pair found
jet photon pair found
jet photon pair found
jet photon pair found
jet photon pair found
jet photon pair found
jet photon pair found
jet photon pair found
jet photon pair found
jet photon pair found
jet photon pair found
jet photon pair found
jet photon pair found
jet photon pair found
jet photon pair found
jet photon pair found
jet photon pair found
jet photon pair found
jet photon pair found
jet photon pair found
jet photon pair found
jet photon pair found
jet photon pair found
jet photon pair found
jet photon pair found
jet photon pair found
jet photon pair found
jet photon pair found
jet photon pair found
jet photon pair found
jet photon pair found
jet photon pair found
jet photon pair found
jet photon pair found
jet photon pair found
jet photon pair found
jet photon pair found
jet photon pair found
jet photon pair found
jet photon pair found
jet photon pair found
jet photon pair found
jet photon pair found
jet photon pair found
jet photon pair found
jet photon pair found
jet photon pair found
jet photon pair found
jet photon pair found
jet photon pair found
jet photon pair found
jet photon pair found
jet photon pair found
jet photon pair found
jet photon pair found
jet photon pair found
jet photon pair found
jet photon pair found
jet photon pair found
jet photon pair found
jet photon pair found
jet photon pair found
jet photon pair found
jet photon pair found
jet photon pair found
jet photon pair found
jet photon pair found
jet photon pair found
jet photon pair found
jet photon pair found
jet photon pair found
jet photon pair found
jet photon pair found
jet photon pair found
jet photon pair found
jet photon pair found
jet photon pair found
jet photon pair found
jet photon pair found
jet photon pair found
jet photon pair found
jet photon pair found
jet photon pair found
jet photon pair found
jet photon pair found
jet photon pair found
jet photon pair found
jet photon pair found
jet photon pair found
jet photon pair found
jet photon pair found
jet photon pair found
jet photon pair found
jet photon pair found
jet photon pair found
jet photon pair found
jet photon pair found
jet photon pair found
jet photon pair found
jet photon pair found
jet photon pair found
jet photon pair found
jet photon pair found
jet photon pair found
jet photon pair found
jet photon pair found
jet photon pair found
jet photon pair found
jet photon pair found
jet photon pair found
jet photon pair found
jet photon pair found
jet photon pair found
jet photon pair found
jet photon pair found
jet photon pair found
jet photon pair found
jet photon pair found
jet photon pair found
jet photon pair found
jet photon pair found
jet photon pair found
jet photon pair found
jet photon pair found
jet photon pair found
jet photon pair found
jet photon pair found
jet photon pair found
jet photon pair found
jet photon pair found
jet photon pair found
jet photon pair found
jet photon pair found
jet photon pair found
jet photon pair found
jet photon pair found
jet photon pair found
jet photon pair found
jet photon pair found
jet photon pair found
jet photon pair found
jet photon pair found
jet photon pair found
jet photon pair found
jet photon pair found
jet photon pair found
jet photon pair found
jet photon pair found
jet photon pair found
jet photon pair found
jet photon pair found
jet photon pair found
jet photon pair found
jet photon pair found
jet photon pair found
jet photon pair found
jet photon pair found
jet photon pair found
jet photon pair found
jet photon pair found
jet photon pair found
jet photon pair found
jet photon pair found
jet photon pair found
jet photon pair found
jet photon pair found
jet photon pair found
jet photon pair found
jet photon pair found
jet photon pair found
jet photon pair found
jet photon pair found
jet photon pair found
jet photon pair found
jet photon pair found
jet photon pair found
jet photon pair found
jet photon pair found
jet photon pair found
jet photon pair found
jet photon pair found
jet photon pair found
jet photon pair found
jet photon pair found
jet photon pair found
jet photon pair found
jet photon pair found
jet photon pair found
jet photon pair found
jet photon pair found
jet photon pair found
jet photon pair found
jet photon pair found
jet photon pair found
jet photon pair found
jet photon pair found
jet photon pair found
jet photon pair found
jet photon pair found
jet photon pair found
jet photon pair found
jet photon pair found
jet photon pair found
jet photon pair found
jet photon pair found
jet photon pair found
jet photon pair found
jet photon pair found
jet photon pair found
jet photon pair found
jet photon pair found
jet photon pair found
jet photon pair found
jet photon pair found
jet photon pair found
jet photon pair found
jet photon pair found
jet photon pair found
jet photon pair found
jet photon pair found
jet photon pair found
jet photon pair found
jet photon pair found
jet photon pair found
jet photon pair found
jet photon pair found
jet photon pair found
jet photon pair found
jet photon pair found
jet photon pair found
jet photon pair found
jet photon pair found
jet photon pair found
jet photon pair found
jet photon pair found
jet photon pair found
jet photon pair found
jet photon pair found
jet photon pair found
jet photon pair found
jet photon pair found
jet photon pair found
jet photon pair found
jet photon pair found
jet photon pair found
jet photon pair found
jet photon pair found
jet photon pair found
jet photon pair found
jet photon pair found
jet photon pair found
jet photon pair found
jet photon pair found
jet photon pair found
jet photon pair found
jet photon pair found
jet photon pair found
jet photon pair found
jet photon pair found
jet photon pair found
jet photon pair found
jet photon pair found
jet photon pair found
jet photon pair found
jet photon pair found
jet photon pair found
jet photon pair found
jet photon pair found
jet photon pair found
jet photon pair found
jet photon pair found
jet photon pair found
jet photon pair found
jet photon pair found
jet photon pair found
jet photon pair found
jet photon pair found
jet photon pair found
jet photon pair found
jet photon pair found
jet photon pair found
jet photon pair found
jet photon pair found
jet photon pair found
jet photon pair found
jet photon pair found
jet photon pair found
jet photon pair found
jet photon pair found
jet photon pair found
jet photon pair found
jet photon pair found
jet photon pair found
jet photon pair found
jet photon pair found
jet photon pair found
jet photon pair found
jet photon pair found
jet photon pair found
jet photon pair found
jet photon pair found
jet photon pair found
jet photon pair found
jet photon pair found
jet photon pair found
jet photon pair found
jet photon pair found
jet photon pair found
jet photon pair found
jet photon pair found
jet photon pair found
jet photon pair found
jet photon pair found
jet photon pair found
jet photon pair found
jet photon pair found
jet photon pair found
jet photon pair found
jet photon pair found
jet photon pair found
jet photon pair found
jet photon pair found
jet photon pair found
jet photon pair found
jet photon pair found
jet photon pair found
jet photon pair found
jet photon pair found
jet photon pair found
jet photon pair found
jet photon pair found
jet photon pair found
jet photon pair found
jet photon pair found
jet photon pair found
jet photon pair found
jet photon pair found
jet photon pair found
jet photon pair found
jet photon pair found
jet photon pair found
jet photon pair found
jet photon pair found
jet photon pair found
jet photon pair found
jet photon pair found
jet photon pair found
jet photon pair found
jet photon pair found
jet photon pair found
jet photon pair found
jet photon pair found
jet photon pair found
jet photon pair found
jet photon pair found
jet photon pair found
jet photon pair found
jet photon pair found
jet photon pair found
jet photon pair found
jet photon pair found
jet photon pair found
jet photon pair found
jet photon pair found
jet photon pair found
jet photon pair found
jet photon pair found
jet photon pair found
jet photon pair found
jet photon pair found
jet photon pair found
jet photon pair found
jet photon pair found
jet photon pair found
jet photon pair found
jet photon pair found
jet photon pair found
jet photon pair found
jet photon pair found
jet photon pair found
jet photon pair found
jet photon pair found
jet photon pair found
jet photon pair found
jet photon pair found
jet photon pair found
jet photon pair found
jet photon pair found
jet photon pair found
jet photon pair found
jet photon pair found
jet photon pair found
jet photon pair found
jet photon pair found
jet photon pair found
jet photon pair found
jet photon pair found
jet photon pair found
jet photon pair found
jet photon pair found
jet photon pair found
jet photon pair found
jet photon pair found
jet photon pair found
jet photon pair found
jet photon pair found
jet photon pair found
jet photon pair found
jet photon pair found
jet photon pair found
jet photon pair found
jet photon pair found
jet photon pair found
jet photon pair found
jet photon pair found
jet photon pair found
jet photon pair found
jet photon pair found
jet photon pair found
jet photon pair found
jet photon pair found
jet photon pair found
jet photon pair found
jet photon pair found
jet photon pair found
jet photon pair found
jet photon pair found
jet photon pair found
jet photon pair found
jet photon pair found
jet photon pair found
jet photon pair found
jet photon pair found
jet photon pair found
jet photon pair found
jet photon pair found
jet photon pair found
jet photon pair found
jet photon pair found
jet photon pair found
jet photon pair found
jet photon pair found
jet photon pair found
jet photon pair found
jet photon pair found
jet photon pair found
jet photon pair found
jet photon pair found
jet photon pair found
jet photon pair found
jet photon pair found
jet photon pair found
jet photon pair found
jet photon pair found
jet photon pair found
jet photon pair found
jet photon pair found
jet photon pair found
jet photon pair found
jet photon pair found
jet photon pair found
jet photon pair found
jet photon pair found
jet photon pair found
jet photon pair found
jet photon pair found
jet photon pair found
jet photon pair found
jet photon pair found
jet photon pair found
jet photon pair found
jet photon pair found
jet photon pair found
jet photon pair found
jet photon pair found
jet photon pair found
jet photon pair found
jet photon pair found
jet photon pair found
jet photon pair found
jet photon pair found
jet photon pair found
jet photon pair found
jet photon pair found
jet photon pair found
jet photon pair found

opening trees from file /mnt/hadoop/cms/store/user/abaty/transferTargetDirectories/2015pp_HighPtJet80/HiForestAOD_101.root
jetEntries = 80201
beginning jet loop...
jet photon pair found
jet photon pair found
jet photon pair found
jet photon pair found
jet photon pair found
jet photon pair found
jet photon pair found
jet photon pair found
jet photon pair found
jet photon pair found
jet photon pair found
jet photon pair found
jet photon pair found
jet photon pair found
jet photon pair found
jet photon pair found
jet photon pair found
jet photon pair found
jet photon pair found
jet photon pair found
jet photon pair found
jet photon pair found
jet photon pair found
jet photon pair found
jet photon pair found
jet photon pair found
jet photon pair found
jet photon pair found
jet photon pair found
jet photon pair found
jet photon pair found
jet photon pair found
jet photon pair found
jet photon pair found
jet photon pair found
jet photon pair found
jet photon pair found
jet photon pair found
jet photon pair found
jet photon pair found
jet photon pair found
jet photon pair found
jet photon pair found
jet photon pair found
jet photon pair found
jet photon pair found
jet photon pair found
jet photon pair found
jet photon pair found
jet photon pair found
jet photon pair found
jet photon pair found
jet photon pair found
jet photon pair found
jet photon pair found
jet photon pair found
jet photon pair found
jet photon pair found
jet photon pair found
jet photon pair found
jet photon pair found
jet photon pair found
jet photon pair found
jet photon pair found
jet photon pair found
jet photon pair found
jet photon pair found
jet photon pair found
jet photon pair found
jet photon pair found
jet photon pair found
jet photon pair found
jet photon pair found
jet photon pair found
jet photon pair found
jet photon pair found
jet photon pair found
jet photon pair found
jet photon pair found
jet photon pair found
jet photon pair found
jet photon pair found
jet photon pair found
jet photon pair found
jet photon pair found
jet photon pair found
jet photon pair found
jet photon pair found
jet photon pair found
jet photon pair found
jet photon pair found
jet photon pair found
jet photon pair found
jet photon pair found
jet photon pair found
jet photon pair found
jet photon pair found
jet photon pair found
jet photon pair found
jet photon pair found
jet photon pair found
jet photon pair found
jet photon pair found
jet photon pair found
jet photon pair found
jet photon pair found
jet photon pair found
jet photon pair found
jet photon pair found
jet photon pair found
jet photon pair found
jet photon pair found
jet photon pair found
jet photon pair found
jet photon pair found
jet photon pair found
jet photon pair found
jet photon pair found
jet photon pair found
jet photon pair found
jet photon pair found
jet photon pair found
jet photon pair found
jet photon pair found
jet photon pair found
jet photon pair found
jet photon pair found
jet photon pair found
jet photon pair found
jet photon pair found
jet photon pair found
jet photon pair found
jet photon pair found
jet photon pair found
jet photon pair found
jet photon pair found
jet photon pair found
jet photon pair found
jet photon pair found
jet photon pair found
jet photon pair found
jet photon pair found
jet photon pair found
jet photon pair found
jet photon pair found
jet photon pair found
jet photon pair found
jet photon pair found
jet photon pair found
jet photon pair found
jet photon pair found
jet photon pair found
jet photon pair found
jet photon pair found
jet photon pair found
jet photon pair found
jet photon pair found
jet photon pair found
jet photon pair found
jet photon pair found
jet photon pair found
jet photon pair found
jet photon pair found
jet photon pair found
jet photon pair found
jet photon pair found
jet photon pair found
jet photon pair found
jet photon pair found
jet photon pair found
jet photon pair found
jet photon pair found
jet photon pair found
jet photon pair found
jet photon pair found
jet photon pair found
jet photon pair found
jet photon pair found
jet photon pair found
jet photon pair found
jet photon pair found
jet photon pair found
jet photon pair found
jet photon pair found
jet photon pair found
jet photon pair found
jet photon pair found
jet photon pair found
jet photon pair found
jet photon pair found
jet photon pair found
jet photon pair found
jet photon pair found
jet photon pair found
jet photon pair found
jet photon pair found
jet photon pair found
jet photon pair found
jet photon pair found
jet photon pair found
jet photon pair found
jet photon pair found
jet photon pair found
jet photon pair found
jet photon pair found
jet photon pair found
jet photon pair found
jet photon pair found
jet photon pair found
jet photon pair found
jet photon pair found
jet photon pair found
jet photon pair found
jet photon pair found
jet photon pair found
jet photon pair found
jet photon pair found
jet photon pair found
jet photon pair found
jet photon pair found
jet photon pair found
jet photon pair found
jet photon pair found
jet photon pair found
jet photon pair found
jet photon pair found
jet photon pair found
jet photon pair found
jet photon pair found
jet photon pair found
jet photon pair found
jet photon pair found
jet photon pair found
jet photon pair found
jet photon pair found
jet photon pair found
jet photon pair found
jet photon pair found
jet photon pair found
jet photon pair found
jet photon pair found
jet photon pair found
jet photon pair found
jet photon pair found
jet photon pair found
jet photon pair found
jet photon pair found
jet photon pair found
jet photon pair found
jet photon pair found
jet photon pair found
jet photon pair found
jet photon pair found
jet photon pair found
jet photon pair found
jet photon pair found
jet photon pair found
jet photon pair found
jet photon pair found
jet photon pair found
jet photon pair found
jet photon pair found
jet photon pair found
jet photon pair found
jet photon pair found
jet photon pair found
jet photon pair found
jet photon pair found
jet photon pair found
jet photon pair found
jet photon pair found
jet photon pair found
jet photon pair found
jet photon pair found
jet photon pair found
jet photon pair found
jet photon pair found
jet photon pair found
jet photon pair found
jet photon pair found
jet photon pair found
jet photon pair found
jet photon pair found
jet photon pair found
jet photon pair found
jet photon pair found
jet photon pair found
jet photon pair found
jet photon pair found
jet photon pair found
jet photon pair found
jet photon pair found
jet photon pair found
jet photon pair found
jet photon pair found
jet photon pair found
jet photon pair found
jet photon pair found
jet photon pair found
jet photon pair found
jet photon pair found
jet photon pair found
jet photon pair found
jet photon pair found
jet photon pair found
jet photon pair found
jet photon pair found
jet photon pair found
jet photon pair found
jet photon pair found
jet photon pair found
jet photon pair found
jet photon pair found
jet photon pair found
jet photon pair found
jet photon pair found
jet photon pair found
jet photon pair found
jet photon pair found
jet photon pair found
jet photon pair found
jet photon pair found
jet photon pair found
jet photon pair found
jet photon pair found
jet photon pair found
jet photon pair found
jet photon pair found
jet photon pair found
jet photon pair found
jet photon pair found
jet photon pair found
jet photon pair found
jet photon pair found
jet photon pair found
jet photon pair found
jet photon pair found
jet photon pair found
jet photon pair found
jet photon pair found
jet photon pair found
jet photon pair found
jet photon pair found
jet photon pair found
jet photon pair found
jet photon pair found
jet photon pair found
jet photon pair found
jet photon pair found
jet photon pair found
jet photon pair found
jet photon pair found
jet photon pair found
jet photon pair found
jet photon pair found
jet photon pair found
jet photon pair found
jet photon pair found
jet photon pair found
jet photon pair found
jet photon pair found
jet photon pair found
jet photon pair found
jet photon pair found
jet photon pair found
jet photon pair found
jet photon pair found
jet photon pair found
jet photon pair found
jet photon pair found
jet photon pair found
jet photon pair found
jet photon pair found
jet photon pair found
jet photon pair found
jet photon pair found
jet photon pair found
jet photon pair found
jet photon pair found
jet photon pair found
jet photon pair found
jet photon pair found
jet photon pair found
jet photon pair found
jet photon pair found
jet photon pair found
jet photon pair found
jet photon pair found
jet photon pair found
jet photon pair found
jet photon pair found
jet photon pair found
jet photon pair found
jet photon pair found
jet photon pair found
jet photon pair found
jet photon pair found
jet photon pair found
jet photon pair found
jet photon pair found
jet photon pair found
jet photon pair found
jet photon pair found
jet photon pair found
jet photon pair found
jet photon pair found
jet photon pair found
jet photon pair found
jet photon pair found
jet photon pair found
jet photon pair found
jet photon pair found
jet photon pair found
jet photon pair found
jet photon pair found
jet photon pair found
jet photon pair found
jet photon pair found
jet photon pair found
jet photon pair found
jet photon pair found
jet photon pair found
jet photon pair found
jet photon pair found
jet photon pair found
jet photon pair found
jet photon pair found
jet photon pair found
jet photon pair found
jet photon pair found
jet photon pair found
jet photon pair found
jet photon pair found
jet photon pair found
jet photon pair found
jet photon pair found
jet photon pair found
jet photon pair found
jet photon pair found
jet photon pair found
jet photon pair found
jet photon pair found
jet photon pair found
jet photon pair found
jet photon pair found
jet photon pair found
jet photon pair found
jet photon pair found
jet photon pair found
jet photon pair found
jet photon pair found
jet photon pair found
jet photon pair found
jet photon pair found
jet photon pair found
jet photon pair found
jet photon pair found
jet photon pair found
jet photon pair found
jet photon pair found
jet photon pair found
jet photon pair found
jet photon pair found
jet photon pair found
jet photon pair found
jet photon pair found
jet photon pair found
jet photon pair found
jet photon pair found
jet photon pair found
jet photon pair found
jet photon pair found
jet photon pair found
jet photon pair found
jet photon pair found
jet photon pair found
jet photon pair found
jet photon pair found
jet photon pair found
jet photon pair found
jet photon pair found
jet photon pair found
jet photon pair found
jet photon pair found
jet photon pair found
jet photon pair found
jet photon pair found
jet photon pair found
jet photon pair found
jet photon pair found
jet photon pair found
jet photon pair found
jet photon pair found
jet photon pair found
jet photon pair found
jet photon pair found
jet photon pair found
jet photon pair found
jet photon pair found
jet photon pair found
jet photon pair found
jet photon pair found
jet photon pair found
jet photon pair found
jet photon pair found
jet photon pair found
jet photon pair found
jet photon pair found
jet photon pair found
jet photon pair found
jet photon pair found
jet photon pair found
jet photon pair found
jet photon pair found
jet photon pair found
jet photon pair found
jet photon pair found
jet photon pair found
jet photon pair found
jet photon pair found
jet photon pair found
jet photon pair found
jet photon pair found
jet photon pair found
jet photon pair found
jet photon pair found
jet photon pair found
jet photon pair found
jet photon pair found
jet photon pair found
jet photon pair found
jet photon pair found
jet photon pair found
jet photon pair found
jet photon pair found
jet photon pair found
jet photon pair found
jet photon pair found
jet photon pair found
jet photon pair found
jet photon pair found
jet photon pair found
jet photon pair found
jet photon pair found
jet photon pair found
jet photon pair found
jet photon pair found
jet photon pair found
jet photon pair found
jet photon pair found
jet photon pair found
jet photon pair found
jet photon pair found
jet photon pair found
jet photon pair found
jet photon pair found
jet photon pair found
jet photon pair found
jet photon pair found
jet photon pair found
jet photon pair found
jet photon pair found
jet photon pair found
jet photon pair found
jet photon pair found
jet photon pair found
jet photon pair found
jet photon pair found
jet photon pair found
jet photon pair found
jet photon pair found
jet photon pair found
jet photon pair found
jet photon pair found
jet photon pair found
jet photon pair found
jet photon pair found
jet photon pair found
jet photon pair found
jet photon pair found
jet photon pair found
jet photon pair found
jet photon pair found
jet photon pair found
jet photon pair found
jet photon pair found
jet photon pair found
jet photon pair found
jet photon pair found
jet photon pair found
jet photon pair found
jet photon pair found
jet photon pair found
jet photon pair found
jet photon pair found
jet photon pair found
jet photon pair found
jet photon pair found
jet photon pair found
jet photon pair found
jet photon pair found
jet photon pair found
jet photon pair found
jet photon pair found
jet photon pair found
jet photon pair found
jet photon pair found
jet photon pair found
jet photon pair found
jet photon pair found
jet photon pair found
jet photon pair found
jet photon pair found
jet photon pair found
jet photon pair found
jet photon pair found
jet photon pair found
jet photon pair found
jet photon pair found
jet photon pair found
jet photon pair found
jet photon pair found
jet photon pair found
jet photon pair found
jet photon pair found
jet photon pair found
jet photon pair found
jet photon pair found
jet photon pair found
jet photon pair found
jet photon pair found
jet photon pair found
jet photon pair found
jet photon pair found
jet photon pair found
jet photon pair found
jet photon pair found
jet photon pair found
jet photon pair found
jet photon pair found
jet photon pair found
jet photon pair found
jet photon pair found
jet photon pair found
jet photon pair found
jet photon pair found
jet photon pair found
jet photon pair found
jet photon pair found
jet photon pair found
jet photon pair found
jet photon pair found
jet photon pair found
jet photon pair found
jet photon pair found
jet photon pair found
jet photon pair found
jet photon pair found
jet photon pair found
jet photon pair found
jet photon pair found
jet photon pair found
jet photon pair found
jet photon pair found
jet photon pair found
jet photon pair found
jet photon pair found
jet photon pair found
jet photon pair found
jet photon pair found
jet photon pair found
jet photon pair found
jet photon pair found
jet photon pair found
jet photon pair found
jet photon pair found
jet photon pair found
jet photon pair found
jet photon pair found
jet photon pair found
jet photon pair found
jet photon pair found
jet photon pair found
jet photon pair found
jet photon pair found
jet photon pair found
jet photon pair found
jet photon pair found
jet photon pair found
jet photon pair found
jet photon pair found
jet photon pair found
jet photon pair found
jet photon pair found
jet photon pair found
jet photon pair found
jet photon pair found
jet photon pair found
jet photon pair found
jet photon pair found

opening trees from file /mnt/hadoop/cms/store/user/abaty/transferTargetDirectories/2015pp_HighPtJet80/HiForestAOD_102.root
jetEntries = 80276
beginning jet loop...
jet photon pair found
jet photon pair found
jet photon pair found
jet photon pair found
jet photon pair found
jet photon pair found
jet photon pair found
jet photon pair found
jet photon pair found
jet photon pair found
jet photon pair found
jet photon pair found
jet photon pair found
jet photon pair found
jet photon pair found
jet photon pair found
jet photon pair found
jet photon pair found
jet photon pair found
jet photon pair found
jet photon pair found
jet photon pair found
jet photon pair found
jet photon pair found
jet photon pair found
jet photon pair found
jet photon pair found
jet photon pair found
jet photon pair found
jet photon pair found
jet photon pair found
jet photon pair found
jet photon pair found
jet photon pair found
jet photon pair found
jet photon pair found
jet photon pair found
jet photon pair found
jet photon pair found
jet photon pair found
jet photon pair found
jet photon pair found
jet photon pair found
jet photon pair found
jet photon pair found
jet photon pair found
jet photon pair found
jet photon pair found
jet photon pair found
jet photon pair found
jet photon pair found
jet photon pair found
jet photon pair found
jet photon pair found
jet photon pair found
jet photon pair found
jet photon pair found
jet photon pair found
jet photon pair found
jet photon pair found
jet photon pair found
jet photon pair found
jet photon pair found
jet photon pair found
jet photon pair found
jet photon pair found
jet photon pair found
jet photon pair found
jet photon pair found
jet photon pair found
jet photon pair found
jet photon pair found
jet photon pair found
jet photon pair found
jet photon pair found
jet photon pair found
jet photon pair found
jet photon pair found
jet photon pair found
jet photon pair found
jet photon pair found
jet photon pair found
jet photon pair found
jet photon pair found
jet photon pair found
jet photon pair found
jet photon pair found
jet photon pair found
jet photon pair found
jet photon pair found
jet photon pair found
jet photon pair found
jet photon pair found
jet photon pair found
jet photon pair found
jet photon pair found
jet photon pair found
jet photon pair found
jet photon pair found
jet photon pair found
jet photon pair found
jet photon pair found
jet photon pair found
jet photon pair found
jet photon pair found
jet photon pair found
jet photon pair found
jet photon pair found
jet photon pair found
jet photon pair found
jet photon pair found
jet photon pair found
jet photon pair found
jet photon pair found
jet photon pair found
jet photon pair found
jet photon pair found
jet photon pair found
jet photon pair found
jet photon pair found
jet photon pair found
jet photon pair found
jet photon pair found
jet photon pair found
jet photon pair found
jet photon pair found
jet photon pair found
jet photon pair found
jet photon pair found
jet photon pair found
jet photon pair found
jet photon pair found
jet photon pair found
jet photon pair found
jet photon pair found
jet photon pair found
jet photon pair found
jet photon pair found
jet photon pair found
jet photon pair found
jet photon pair found
jet photon pair found
jet photon pair found
jet photon pair found
jet photon pair found
jet photon pair found
jet photon pair found
jet photon pair found
jet photon pair found
jet photon pair found
jet photon pair found
jet photon pair found
jet photon pair found
jet photon pair found
jet photon pair found
jet photon pair found
jet photon pair found
jet photon pair found
jet photon pair found
jet photon pair found
jet photon pair found
jet photon pair found
jet photon pair found
jet photon pair found
jet photon pair found
jet photon pair found
jet photon pair found
jet photon pair found
jet photon pair found
jet photon pair found
jet photon pair found
jet photon pair found
jet photon pair found
jet photon pair found
jet photon pair found
jet photon pair found
jet photon pair found
jet photon pair found
jet photon pair found
jet photon pair found
jet photon pair found
jet photon pair found
jet photon pair found
jet photon pair found
jet photon pair found
jet photon pair found
jet photon pair found
jet photon pair found
jet photon pair found
jet photon pair found
jet photon pair found
jet photon pair found
jet photon pair found
jet photon pair found
jet photon pair found
jet photon pair found
jet photon pair found
jet photon pair found
jet photon pair found
jet photon pair found
jet photon pair found
jet photon pair found
jet photon pair found
jet photon pair found
jet photon pair found
jet photon pair found
jet photon pair found
jet photon pair found
jet photon pair found
jet photon pair found
jet photon pair found
jet photon pair found
jet photon pair found
jet photon pair found
jet photon pair found
jet photon pair found
jet photon pair found
jet photon pair found
jet photon pair found
jet photon pair found
jet photon pair found
jet photon pair found
jet photon pair found
jet photon pair found
jet photon pair found
jet photon pair found
jet photon pair found
jet photon pair found
jet photon pair found
jet photon pair found
jet photon pair found
jet photon pair found
jet photon pair found
jet photon pair found
jet photon pair found
jet photon pair found
jet photon pair found
jet photon pair found
jet photon pair found
jet photon pair found
jet photon pair found
jet photon pair found
jet photon pair found
jet photon pair found
jet photon pair found
jet photon pair found
jet photon pair found
jet photon pair found
jet photon pair found
jet photon pair found
jet photon pair found
jet photon pair found
jet photon pair found
jet photon pair found
jet photon pair found
jet photon pair found
jet photon pair found
jet photon pair found
jet photon pair found
jet photon pair found
jet photon pair found
jet photon pair found
jet photon pair found
jet photon pair found
jet photon pair found
jet photon pair found
jet photon pair found
jet photon pair found
jet photon pair found
jet photon pair found
jet photon pair found
jet photon pair found
jet photon pair found
jet photon pair found
jet photon pair found
jet photon pair found
jet photon pair found
jet photon pair found
jet photon pair found
jet photon pair found
jet photon pair found
jet photon pair found
jet photon pair found
jet photon pair found
jet photon pair found
jet photon pair found
jet photon pair found
jet photon pair found
jet photon pair found
jet photon pair found
jet photon pair found
jet photon pair found
jet photon pair found
jet photon pair found
jet photon pair found
jet photon pair found
jet photon pair found
jet photon pair found
jet photon pair found
jet photon pair found
jet photon pair found
jet photon pair found
jet photon pair found
jet photon pair found
jet photon pair found
jet photon pair found
jet photon pair found
jet photon pair found
jet photon pair found
jet photon pair found
jet photon pair found
jet photon pair found
jet photon pair found
jet photon pair found
jet photon pair found
jet photon pair found
jet photon pair found
jet photon pair found
jet photon pair found
jet photon pair found
jet photon pair found
jet photon pair found
jet photon pair found
jet photon pair found
jet photon pair found
jet photon pair found
jet photon pair found
jet photon pair found
jet photon pair found
jet photon pair found
jet photon pair found
jet photon pair found
jet photon pair found
jet photon pair found
jet photon pair found
jet photon pair found
jet photon pair found
jet photon pair found
jet photon pair found
jet photon pair found
jet photon pair found
jet photon pair found
jet photon pair found
jet photon pair found
jet photon pair found
jet photon pair found
jet photon pair found
jet photon pair found
jet photon pair found
jet photon pair found
jet photon pair found
jet photon pair found
jet photon pair found
jet photon pair found
jet photon pair found
jet photon pair found
jet photon pair found
jet photon pair found
jet photon pair found
jet photon pair found
jet photon pair found
jet photon pair found
jet photon pair found
jet photon pair found
jet photon pair found
jet photon pair found
jet photon pair found
jet photon pair found
jet photon pair found
jet photon pair found
jet photon pair found
jet photon pair found
jet photon pair found
jet photon pair found
jet photon pair found
jet photon pair found
jet photon pair found
jet photon pair found
jet photon pair found
jet photon pair found
jet photon pair found
jet photon pair found
jet photon pair found
jet photon pair found
jet photon pair found
jet photon pair found
jet photon pair found
jet photon pair found
jet photon pair found
jet photon pair found
jet photon pair found
jet photon pair found
jet photon pair found
jet photon pair found
jet photon pair found
jet photon pair found
jet photon pair found
jet photon pair found
jet photon pair found
jet photon pair found
jet photon pair found
jet photon pair found
jet photon pair found
jet photon pair found
jet photon pair found
jet photon pair found
jet photon pair found
jet photon pair found
jet photon pair found
jet photon pair found
jet photon pair found
jet photon pair found
jet photon pair found
jet photon pair found
jet photon pair found
jet photon pair found
jet photon pair found
jet photon pair found
jet photon pair found
jet photon pair found
jet photon pair found
jet photon pair found
jet photon pair found
jet photon pair found
jet photon pair found
jet photon pair found
jet photon pair found
jet photon pair found
jet photon pair found
jet photon pair found
jet photon pair found
jet photon pair found
jet photon pair found
jet photon pair found
jet photon pair found
jet photon pair found
jet photon pair found
jet photon pair found
jet photon pair found
jet photon pair found
jet photon pair found
jet photon pair found
jet photon pair found
jet photon pair found
jet photon pair found
jet photon pair found
jet photon pair found
jet photon pair found
jet photon pair found
jet photon pair found
jet photon pair found
jet photon pair found
jet photon pair found
jet photon pair found
jet photon pair found
jet photon pair found
jet photon pair found
jet photon pair found
jet photon pair found
jet photon pair found
jet photon pair found
jet photon pair found
jet photon pair found
jet photon pair found
jet photon pair found
jet photon pair found
jet photon pair found
jet photon pair found
jet photon pair found
jet photon pair found
jet photon pair found
jet photon pair found
jet photon pair found
jet photon pair found
jet photon pair found
jet photon pair found
jet photon pair found
jet photon pair found
jet photon pair found
jet photon pair found
jet photon pair found
jet photon pair found
jet photon pair found
jet photon pair found
jet photon pair found
jet photon pair found
jet photon pair found
jet photon pair found
jet photon pair found
jet photon pair found
jet photon pair found
jet photon pair found
jet photon pair found
jet photon pair found
jet photon pair found
jet photon pair found
jet photon pair found
jet photon pair found
jet photon pair found
jet photon pair found
jet photon pair found
jet photon pair found
jet photon pair found
jet photon pair found
jet photon pair found
jet photon pair found
jet photon pair found
jet photon pair found
jet photon pair found
jet photon pair found
jet photon pair found
jet photon pair found
jet photon pair found
jet photon pair found
jet photon pair found
jet photon pair found
jet photon pair found
jet photon pair found
jet photon pair found
jet photon pair found
jet photon pair found
jet photon pair found
jet photon pair found
jet photon pair found
jet photon pair found
jet photon pair found
jet photon pair found
jet photon pair found
jet photon pair found
jet photon pair found
jet photon pair found
jet photon pair found
jet photon pair found
jet photon pair found
jet photon pair found
jet photon pair found
jet photon pair found
jet photon pair found
jet photon pair found
jet photon pair found
jet photon pair found
jet photon pair found
jet photon pair found
jet photon pair found
jet photon pair found
jet photon pair found
jet photon pair found
jet photon pair found
jet photon pair found
jet photon pair found
jet photon pair found
jet photon pair found
jet photon pair found
jet photon pair found
jet photon pair found
jet photon pair found
jet photon pair found
jet photon pair found
jet photon pair found
jet photon pair found
jet photon pair found
jet photon pair found
jet photon pair found
jet photon pair found
jet photon pair found
jet photon pair found
jet photon pair found
jet photon pair found
jet photon pair found
jet photon pair found
jet photon pair found
jet photon pair found
jet photon pair found
jet photon pair found
jet photon pair found
jet photon pair found
jet photon pair found
jet photon pair found
jet photon pair found
jet photon pair found
jet photon pair found
jet photon pair found
jet photon pair found
jet photon pair found
jet photon pair found
jet photon pair found
jet photon pair found
jet photon pair found
jet photon pair found
jet photon pair found
jet photon pair found
jet photon pair found
jet photon pair found
jet photon pair found
jet photon pair found
jet photon pair found
jet photon pair found
jet photon pair found
jet photon pair found
jet photon pair found
jet photon pair found
jet photon pair found
jet photon pair found
jet photon pair found
jet photon pair found
jet photon pair found
jet photon pair found
jet photon pair found
jet photon pair found
jet photon pair found
jet photon pair found
jet photon pair found
jet photon pair found
jet photon pair found
jet photon pair found
jet photon pair found
jet photon pair found
jet photon pair found
jet photon pair found
jet photon pair found
jet photon pair found
jet photon pair found
jet photon pair found
jet photon pair found
jet photon pair found
jet photon pair found
jet photon pair found
jet photon pair found
jet photon pair found
jet photon pair found
jet photon pair found
jet photon pair found
jet photon pair found
jet photon pair found
jet photon pair found
jet photon pair found
jet photon pair found
jet photon pair found
jet photon pair found
jet photon pair found
jet photon pair found
jet photon pair found
jet photon pair found
jet photon pair found
jet photon pair found
jet photon pair found
jet photon pair found
jet photon pair found
jet photon pair found
jet photon pair found
jet photon pair found
jet photon pair found
jet photon pair found
jet photon pair found
jet photon pair found
jet photon pair found
jet photon pair found
jet photon pair found
jet photon pair found
jet photon pair found
jet photon pair found
jet photon pair found
jet photon pair found
jet photon pair found
jet photon pair found
jet photon pair found
jet photon pair found
jet photon pair found
jet photon pair found
jet photon pair found
jet photon pair found
jet photon pair found
jet photon pair found
jet photon pair found
jet photon pair found
jet photon pair found
jet photon pair found
jet photon pair found
jet photon pair found
jet photon pair found
jet photon pair found
jet photon pair found
jet photon pair found
jet photon pair found
jet photon pair found
jet photon pair found
jet photon pair found
jet photon pair found
jet photon pair found
jet photon pair found
jet photon pair found
jet photon pair found
jet photon pair found
jet photon pair found
jet photon pair found
jet photon pair found
jet photon pair found
jet photon pair found
jet photon pair found
jet photon pair found
jet photon pair found
jet photon pair found
jet photon pair found
jet photon pair found
jet photon pair found
jet photon pair found
jet photon pair found
jet photon pair found
jet photon pair found
jet photon pair found
jet photon pair found
jet photon pair found
jet photon pair found
jet photon pair found
jet photon pair found
jet photon pair found
jet photon pair found
jet photon pair found
jet photon pair found
jet photon pair found
jet photon pair found
jet photon pair found
jet photon pair found
jet photon pair found
jet photon pair found
jet photon pair found
jet photon pair found
jet photon pair found
jet photon pair found
jet photon pair found
jet photon pair found
jet photon pair found
jet photon pair found
jet photon pair found
jet photon pair found
jet photon pair found

writing histograms to file
Done!
