000 (941631.000.000) 05/18 15:31:25 Job submitted from host: <18.12.1.74:43431?addrs=18.12.1.74-43431>
...
001 (941631.000.000) 05/18 15:31:54 Job executing on host: <18.12.8.1:43066>
...
006 (941631.000.000) 05/18 15:32:02 Image size of job updated: 1
	3  -  MemoryUsage of job (MB)
	2440  -  ResidentSetSize of job (KB)
...
006 (941631.000.000) 05/18 15:33:49 Image size of job updated: 520140
	3  -  MemoryUsage of job (MB)
	2440  -  ResidentSetSize of job (KB)
...
005 (941631.000.000) 05/18 15:33:50 Job terminated.
	(1) Normal termination (return value 0)
		Usr 0 00:00:34, Sys 0 00:00:01  -  Run Remote Usage
		Usr 0 00:00:00, Sys 0 00:00:00  -  Run Local Usage
		Usr 0 00:00:34, Sys 0 00:00:01  -  Total Remote Usage
		Usr 0 00:00:00, Sys 0 00:00:00  -  Total Local Usage
	691378  -  Run Bytes Sent By Job
	89059  -  Run Bytes Received By Job
	691378  -  Total Bytes Sent By Job
	89059  -  Total Bytes Received By Job
	Partitionable Resources :    Usage  Request Allocated
	   Cpus                 :                 1         1
	   Disk (KB)            :      805      100   5645307
	   Memory (MB)          :        3        1         1
...
