000 (952732.000.000) 05/24 13:59:59 Job submitted from host: <18.12.1.74:43431?addrs=18.12.1.74-43431>
...
001 (952732.000.000) 05/24 14:00:18 Job executing on host: <18.12.6.56:40146>
...
006 (952732.000.000) 05/24 14:00:27 Image size of job updated: 489156
	119  -  MemoryUsage of job (MB)
	121472  -  ResidentSetSize of job (KB)
...
006 (952732.000.000) 05/24 14:05:28 Image size of job updated: 518656
	312  -  MemoryUsage of job (MB)
	318744  -  ResidentSetSize of job (KB)
...
006 (952732.000.000) 05/24 14:06:29 Image size of job updated: 518812
	312  -  MemoryUsage of job (MB)
	318744  -  ResidentSetSize of job (KB)
...
005 (952732.000.000) 05/24 14:06:30 Job terminated.
	(1) Normal termination (return value 0)
		Usr 0 00:02:43, Sys 0 00:00:07  -  Run Remote Usage
		Usr 0 00:00:00, Sys 0 00:00:00  -  Run Local Usage
		Usr 0 00:02:43, Sys 0 00:00:07  -  Total Remote Usage
		Usr 0 00:00:00, Sys 0 00:00:00  -  Total Local Usage
	217179  -  Run Bytes Sent By Job
	84994  -  Run Bytes Received By Job
	217179  -  Total Bytes Sent By Job
	84994  -  Total Bytes Received By Job
	Partitionable Resources :    Usage  Request Allocated
	   Cpus                 :                 1         1
	   Disk (KB)            :      338      100   8157401
	   Memory (MB)          :      312        1         1
...
