
----------------------------------------------------
Job started on Tue May 24 14:00:18 EDT 2016 at WN: hibat0047.cmsaf.mit.edu 
Job is running on Linux hibat0047.cmsaf.mit.edu 2.6.32-358.el6.x86_64 #1 SMP Fri Feb 22 20:37:17 CST 2013 x86_64 x86_64 x86_64 GNU/Linux
----------------------------------------------------

free disk space is...
Filesystem            Size  Used Avail Use% Mounted on
/dev/sda3              20G  3.4G   16G  18% /
tmpfs                  24G     0   24G   0% /dev/shm
/dev/sda1              97M   32M   61M  35% /boot
/dev/sda4             873G   93G  781G  11% /export/data1
/dev/sdb1             2.7T  2.7T   37G  99% /export/00b
/dev/sdc1             2.7T  2.7T   24G 100% /export/00c
/dev/sdd1             2.7T  2.7T   70G  98% /export/00d
/dev/sde1             2.7T  2.7T   56G  98% /export/00e
/dev/sdf1             2.7T  2.7T   70G  98% /export/00f
/dev/sdg1             3.6T  2.7T  991G  73% /export/00g
/dev/sdh1             3.6T  2.7T  989G  74% /export/00h
fuse_dfs              6.5P  5.8P  683T  90% /mnt/hadoop
cvmfs2                 98G   55G   43G  57% /cvmfs/cms.cern.ch
cvmfs2                 98G   55G   43G  57% /cvmfs/atlas.cern.ch
t2srv0004:/export/db  135G  187M  135G   1% /net/t2srv0004/db

root directory is...
/cvmfs/cms.cern.ch/slc6_amd64_gcc491/lcg/root/6.02.12/

working directory is...
/export/data1/condor/execute/dir_19833

contents before job processing is...
total 156
drwx------  2 ilaflott ilaflott  4096 May 24 14:00 .
drwxr-xr-x 12 condor   root      4096 May 24 14:00 ..
-rwx------  1 ilaflott ilaflott    48 May 24 14:00 .chirp.config
-rw-r--r--  1 condor   condor   37076 May 24 14:00 .job.ad
-rw-r--r--  1 condor   condor    6544 May 24 14:00 .machine.ad
-rw-r--r--  1 ilaflott ilaflott 32988 May 24 14:00 5p02TeV_HighPtJet80_forests.txt
-rwxrwxr-x  1 ilaflott ilaflott 51221 May 24 14:00 DijetResponse.exe
-rw-r--r--  1 ilaflott ilaflott     0 May 24 14:00 _condor_stderr
-rw-r--r--  1 ilaflott ilaflott  1422 May 24 14:00 _condor_stdout
-rwxr-xr-x  1 ilaflott ilaflott   785 May 24 14:00 condor_exec.exe

Processing...

///////////////////
reading files 390 to 394
///////////////////

beginning jet loop...

beginning jet loop...

beginning jet loop...

beginning jet loop...

Done!
