000 (952727.000.000) 05/24 13:59:53 Job submitted from host: <18.12.1.74:43431?addrs=18.12.1.74-43431>
...
001 (952727.000.000) 05/24 14:00:18 Job executing on host: <18.12.8.205:46935>
...
006 (952727.000.000) 05/24 14:00:26 Image size of job updated: 489868
	144  -  MemoryUsage of job (MB)
	146700  -  ResidentSetSize of job (KB)
...
006 (952727.000.000) 05/24 14:04:50 Image size of job updated: 518856
	144  -  MemoryUsage of job (MB)
	146700  -  ResidentSetSize of job (KB)
...
005 (952727.000.000) 05/24 14:04:51 Job terminated.
	(1) Normal termination (return value 0)
		Usr 0 00:01:43, Sys 0 00:00:03  -  Run Remote Usage
		Usr 0 00:00:00, Sys 0 00:00:00  -  Run Local Usage
		Usr 0 00:01:43, Sys 0 00:00:03  -  Total Remote Usage
		Usr 0 00:00:00, Sys 0 00:00:00  -  Total Local Usage
	216904  -  Run Bytes Sent By Job
	84994  -  Run Bytes Received By Job
	216904  -  Total Bytes Sent By Job
	84994  -  Total Bytes Received By Job
	Partitionable Resources :    Usage  Request Allocated
	   Cpus                 :                 1         1
	   Disk (KB)            :      338      100   8200583
	   Memory (MB)          :      144        1         1
...
