000 (952724.000.000) 05/24 13:59:49 Job submitted from host: <18.12.1.74:43431?addrs=18.12.1.74-43431>
...
001 (952724.000.000) 05/24 14:00:18 Job executing on host: <18.12.12.7:46351?addrs=18.12.12.7-46351>
...
006 (952724.000.000) 05/24 14:00:26 Image size of job updated: 489324
	113  -  MemoryUsage of job (MB)
	115124  -  ResidentSetSize of job (KB)
...
006 (952724.000.000) 05/24 14:04:21 Image size of job updated: 518672
	113  -  MemoryUsage of job (MB)
	115124  -  ResidentSetSize of job (KB)
...
005 (952724.000.000) 05/24 14:04:22 Job terminated.
	(1) Normal termination (return value 0)
		Usr 0 00:02:00, Sys 0 00:00:03  -  Run Remote Usage
		Usr 0 00:00:00, Sys 0 00:00:00  -  Run Local Usage
		Usr 0 00:02:00, Sys 0 00:00:03  -  Total Remote Usage
		Usr 0 00:00:00, Sys 0 00:00:00  -  Total Local Usage
	216561  -  Run Bytes Sent By Job
	84994  -  Run Bytes Received By Job
	216561  -  Total Bytes Sent By Job
	84994  -  Total Bytes Received By Job
	Partitionable Resources :    Usage  Request Allocated
	   Cpus                 :                 1         1
	   Disk (KB)            :      338      100   7531398
	   Memory (MB)          :      113        1         1
...
