000 (952713.000.000) 05/24 13:59:37 Job submitted from host: <18.12.1.74:43431?addrs=18.12.1.74-43431>
...
001 (952713.000.000) 05/24 13:59:48 Job executing on host: <18.12.8.232:46862>
...
006 (952713.000.000) 05/24 13:59:56 Image size of job updated: 1
	3  -  MemoryUsage of job (MB)
	2440  -  ResidentSetSize of job (KB)
...
006 (952713.000.000) 05/24 14:04:38 Image size of job updated: 519020
	3  -  MemoryUsage of job (MB)
	2440  -  ResidentSetSize of job (KB)
...
005 (952713.000.000) 05/24 14:04:39 Job terminated.
	(1) Normal termination (return value 0)
		Usr 0 00:02:22, Sys 0 00:00:04  -  Run Remote Usage
		Usr 0 00:00:00, Sys 0 00:00:00  -  Run Local Usage
		Usr 0 00:02:22, Sys 0 00:00:04  -  Total Remote Usage
		Usr 0 00:00:00, Sys 0 00:00:00  -  Total Local Usage
	217139  -  Run Bytes Sent By Job
	84994  -  Run Bytes Received By Job
	217139  -  Total Bytes Sent By Job
	84994  -  Total Bytes Received By Job
	Partitionable Resources :    Usage  Request Allocated
	   Cpus                 :                 1         1
	   Disk (KB)            :      338      100   8029559
	   Memory (MB)          :        3        1         1
...
