000 (952707.000.000) 05/24 13:59:30 Job submitted from host: <18.12.1.74:43431?addrs=18.12.1.74-43431>
...
001 (952707.000.000) 05/24 13:59:47 Job executing on host: <18.12.12.7:46351?addrs=18.12.12.7-46351>
...
006 (952707.000.000) 05/24 13:59:55 Image size of job updated: 241924
	86  -  MemoryUsage of job (MB)
	87800  -  ResidentSetSize of job (KB)
...
006 (952707.000.000) 05/24 14:04:00 Image size of job updated: 518984
	86  -  MemoryUsage of job (MB)
	87800  -  ResidentSetSize of job (KB)
...
005 (952707.000.000) 05/24 14:04:01 Job terminated.
	(1) Normal termination (return value 0)
		Usr 0 00:01:58, Sys 0 00:00:03  -  Run Remote Usage
		Usr 0 00:00:00, Sys 0 00:00:00  -  Run Local Usage
		Usr 0 00:01:58, Sys 0 00:00:03  -  Total Remote Usage
		Usr 0 00:00:00, Sys 0 00:00:00  -  Total Local Usage
	216673  -  Run Bytes Sent By Job
	84994  -  Run Bytes Received By Job
	216673  -  Total Bytes Sent By Job
	84994  -  Total Bytes Received By Job
	Partitionable Resources :    Usage  Request Allocated
	   Cpus                 :                 1         1
	   Disk (KB)            :      338      100   7531399
	   Memory (MB)          :       86        1         1
...
