000 (952723.000.000) 05/24 13:59:48 Job submitted from host: <18.12.1.74:43431?addrs=18.12.1.74-43431>
...
001 (952723.000.000) 05/24 14:00:18 Job executing on host: <18.12.12.2:40292>
...
006 (952723.000.000) 05/24 14:00:26 Image size of job updated: 1
	3  -  MemoryUsage of job (MB)
	2452  -  ResidentSetSize of job (KB)
...
006 (952723.000.000) 05/24 14:05:26 Image size of job updated: 519092
	312  -  MemoryUsage of job (MB)
	318864  -  ResidentSetSize of job (KB)
...
005 (952723.000.000) 05/24 14:05:39 Job terminated.
	(1) Normal termination (return value 0)
		Usr 0 00:02:33, Sys 0 00:00:04  -  Run Remote Usage
		Usr 0 00:00:00, Sys 0 00:00:00  -  Run Local Usage
		Usr 0 00:02:33, Sys 0 00:00:04  -  Total Remote Usage
		Usr 0 00:00:00, Sys 0 00:00:00  -  Total Local Usage
	216833  -  Run Bytes Sent By Job
	84994  -  Run Bytes Received By Job
	216833  -  Total Bytes Sent By Job
	84994  -  Total Bytes Received By Job
	Partitionable Resources :    Usage  Request Allocated
	   Cpus                 :                 1         1
	   Disk (KB)            :      338      100  18014453
	   Memory (MB)          :      312        1         1
...
