
----------------------------------------------------
Job started on Tue May 24 13:59:46 EDT 2016 at WN: t2bat0051.cmsaf.mit.edu 
Job is running on Linux t2bat0051.cmsaf.mit.edu 2.6.32-573.8.1.el6.x86_64 #1 SMP Tue Nov 10 05:29:11 CST 2015 x86_64 x86_64 x86_64 GNU/Linux
----------------------------------------------------

free disk space is...
Filesystem            Size  Used Avail Use% Mounted on
/dev/sda3              63G  4.2G   56G   8% /
tmpfs                 7.8G     0  7.8G   0% /dev/shm
/dev/sda1             240M   44M  184M  20% /boot
/dev/sda5             561G   51G  510G  10% /export/data1
/dev/sdb1             1.8T  1.7T  102G  95% /export/00b
/dev/sdc1             1.8T  1.7T  116G  94% /export/00c
/dev/sdd1             1.8T  1.7T   98G  95% /export/00d
/dev/sde1             1.8T  1.7T  112G  94% /export/00e
/dev/sdf1             1.8T  1.7T  115G  94% /export/00f
fuse_dfs              6.5P  5.8P  683T  90% /mnt/hadoop
cvmfs2                 98G   51G   48G  52% /cvmfs/ams.cern.ch
t2srv0004:/export/db  135G  187M  135G   1% /net/t2srv0004/db
cvmfs2                 98G   51G   48G  52% /cvmfs/cms.cern.ch

root directory is...
/cvmfs/cms.cern.ch/slc6_amd64_gcc491/lcg/root/6.02.12/

working directory is...
/export/data1/condor/execute/dir_14482

contents before job processing is...
total 156
drwx------ 2 ilaflott ilaflott  4096 May 24 13:59 .
drwxr-xr-x 4 condor   root      4096 May 24 13:59 ..
-rwx------ 1 ilaflott ilaflott    49 May 24 13:59 .chirp.config
-rw-r--r-- 1 condor   condor   37068 May 24 13:59 .job.ad
-rw-r--r-- 1 condor   condor    6132 May 24 13:59 .machine.ad
-rw-r--r-- 1 ilaflott ilaflott 32988 May 24 13:59 5p02TeV_HighPtJet80_forests.txt
-rwxrwxr-x 1 ilaflott ilaflott 51221 May 24 13:59 DijetResponse.exe
-rw-r--r-- 1 ilaflott ilaflott     0 May 24 13:59 _condor_stderr
-rw-r--r-- 1 ilaflott ilaflott  1312 May 24 13:59 _condor_stdout
-rwxr-xr-x 1 ilaflott ilaflott   785 May 24 13:59 condor_exec.exe

Processing...

///////////////////
reading files 13 to 26
///////////////////

beginning jet loop...

beginning jet loop...

beginning jet loop...

beginning jet loop...

beginning jet loop...

beginning jet loop...

beginning jet loop...

beginning jet loop...

beginning jet loop...

beginning jet loop...

beginning jet loop...

beginning jet loop...

beginning jet loop...

Done!
