000 (952733.000.000) 05/24 14:00:00 Job submitted from host: <18.12.1.74:43431?addrs=18.12.1.74-43431>
...
001 (952733.000.000) 05/24 14:00:18 Job executing on host: <18.12.6.47:44599?addrs=18.12.6.47-44599>
...
006 (952733.000.000) 05/24 14:00:27 Image size of job updated: 1
	3  -  MemoryUsage of job (MB)
	2360  -  ResidentSetSize of job (KB)
...
006 (952733.000.000) 05/24 14:02:29 Image size of job updated: 518664
	3  -  MemoryUsage of job (MB)
	2360  -  ResidentSetSize of job (KB)
...
005 (952733.000.000) 05/24 14:02:30 Job terminated.
	(1) Normal termination (return value 0)
		Usr 0 00:00:50, Sys 0 00:00:04  -  Run Remote Usage
		Usr 0 00:00:00, Sys 0 00:00:00  -  Run Local Usage
		Usr 0 00:00:50, Sys 0 00:00:04  -  Total Remote Usage
		Usr 0 00:00:00, Sys 0 00:00:00  -  Total Local Usage
	214823  -  Run Bytes Sent By Job
	84994  -  Run Bytes Received By Job
	214823  -  Total Bytes Sent By Job
	84994  -  Total Bytes Received By Job
	Partitionable Resources :    Usage  Request Allocated
	   Cpus                 :                 1         1
	   Disk (KB)            :      336      100   8186888
	   Memory (MB)          :        3        1         1
...
