000 (952709.000.000) 05/24 13:59:32 Job submitted from host: <18.12.1.74:43431?addrs=18.12.1.74-43431>
...
001 (952709.000.000) 05/24 13:59:48 Job executing on host: <18.12.6.19:47665>
...
006 (952709.000.000) 05/24 13:59:56 Image size of job updated: 13556
	2  -  MemoryUsage of job (MB)
	1988  -  ResidentSetSize of job (KB)
...
006 (952709.000.000) 05/24 14:04:56 Image size of job updated: 518832
	302  -  MemoryUsage of job (MB)
	309048  -  ResidentSetSize of job (KB)
...
006 (952709.000.000) 05/24 14:06:09 Image size of job updated: 518952
	302  -  MemoryUsage of job (MB)
	309048  -  ResidentSetSize of job (KB)
...
005 (952709.000.000) 05/24 14:06:10 Job terminated.
	(1) Normal termination (return value 0)
		Usr 0 00:02:38, Sys 0 00:00:06  -  Run Remote Usage
		Usr 0 00:00:00, Sys 0 00:00:00  -  Run Local Usage
		Usr 0 00:02:38, Sys 0 00:00:06  -  Total Remote Usage
		Usr 0 00:00:00, Sys 0 00:00:00  -  Total Local Usage
	216643  -  Run Bytes Sent By Job
	84994  -  Run Bytes Received By Job
	216643  -  Total Bytes Sent By Job
	84994  -  Total Bytes Received By Job
	Partitionable Resources :    Usage  Request Allocated
	   Cpus                 :                 1         1
	   Disk (KB)            :      337      100  18035331
	   Memory (MB)          :      302        1         1
...
