
----------------------------------------------------
Job started on Tue May 24 13:59:48 EDT 2016 at WN: lnbat0002.cmsaf.mit.edu 
Job is running on Linux lnbat0002.cmsaf.mit.edu 2.6.32-358.el6.x86_64 #1 SMP Fri Feb 22 20:37:17 CST 2013 x86_64 x86_64 x86_64 GNU/Linux
----------------------------------------------------

free disk space is...
Filesystem            Size  Used Avail Use% Mounted on
/dev/sda3              20G  2.8G   16G  15% /
tmpfs                  12G     0   12G   0% /dev/shm
/dev/sda1              97M   32M   61M  35% /boot
/dev/sda4             1.8T   72G  1.7T   5% /export/data1
/dev/sdb1             1.8T  196M  1.8T   1% /export/00b
/dev/sdc1             1.8T  196M  1.8T   1% /export/00c
fuse_dfs              6.5P  5.8P  683T  90% /mnt/hadoop
cvmfs2                 98G   68G   31G  69% /cvmfs/cms.cern.ch
t2srv0004:/export/db  135G  187M  135G   1% /net/t2srv0004/db
cvmfs2                 98G   68G   31G  69% /cvmfs/cvmfs.cmsaf.mit.edu
cvmfs2                 98G   68G   31G  69% /cvmfs/ams.cern.ch
cvmfs2                 98G   68G   31G  69% /cvmfs/cms-ib.cern.ch

root directory is...
/cvmfs/cms.cern.ch/slc6_amd64_gcc491/lcg/root/6.02.12/

working directory is...
/export/data1/condor/execute/dir_16874

contents before job processing is...
total 156
drwx------ 2 ilaflott ilaflott  4096 May 24 13:59 .
drwxr-xr-x 6 condor   root      4096 May 24 13:59 ..
-rwx------ 1 ilaflott ilaflott    49 May 24 13:59 .chirp.config
-rw-r--r-- 1 condor   condor   37068 May 24 13:59 .job.ad
-rw-r--r-- 1 condor   condor    6202 May 24 13:59 .machine.ad
-rw-r--r-- 1 ilaflott ilaflott 32988 May 24 13:59 5p02TeV_HighPtJet80_forests.txt
-rwxrwxr-x 1 ilaflott ilaflott 51221 May 24 13:59 DijetResponse.exe
-rw-r--r-- 1 ilaflott ilaflott     0 May 24 13:59 _condor_stderr
-rw-r--r-- 1 ilaflott ilaflott  1277 May 24 13:59 _condor_stdout
-rwxr-xr-x 1 ilaflott ilaflott   785 May 24 13:59 condor_exec.exe

Processing...

///////////////////
reading files 26 to 39
///////////////////

beginning jet loop...

beginning jet loop...

beginning jet loop...

beginning jet loop...

beginning jet loop...

beginning jet loop...

beginning jet loop...

beginning jet loop...

beginning jet loop...

beginning jet loop...

beginning jet loop...

beginning jet loop...

beginning jet loop...

Done!
