000 (952719.000.000) 05/24 13:59:44 Job submitted from host: <18.12.1.74:43431?addrs=18.12.1.74-43431>
...
001 (952719.000.000) 05/24 13:59:47 Job executing on host: <18.12.8.206:45767>
...
006 (952719.000.000) 05/24 13:59:56 Image size of job updated: 28548
	2  -  MemoryUsage of job (MB)
	1680  -  ResidentSetSize of job (KB)
...
006 (952719.000.000) 05/24 14:04:02 Image size of job updated: 518768
	2  -  MemoryUsage of job (MB)
	1680  -  ResidentSetSize of job (KB)
...
005 (952719.000.000) 05/24 14:04:03 Job terminated.
	(1) Normal termination (return value 0)
		Usr 0 00:01:36, Sys 0 00:00:03  -  Run Remote Usage
		Usr 0 00:00:00, Sys 0 00:00:00  -  Run Local Usage
		Usr 0 00:01:36, Sys 0 00:00:03  -  Total Remote Usage
		Usr 0 00:00:00, Sys 0 00:00:00  -  Total Local Usage
	216717  -  Run Bytes Sent By Job
	84994  -  Run Bytes Received By Job
	216717  -  Total Bytes Sent By Job
	84994  -  Total Bytes Received By Job
	Partitionable Resources :    Usage  Request Allocated
	   Cpus                 :                 1         1
	   Disk (KB)            :      337      100   8175358
	   Memory (MB)          :        2        1         1
...
