000 (952730.000.000) 05/24 13:59:56 Job submitted from host: <18.12.1.74:43431?addrs=18.12.1.74-43431>
...
001 (952730.000.000) 05/24 14:00:18 Job executing on host: <18.12.8.214:48176>
...
006 (952730.000.000) 05/24 14:00:26 Image size of job updated: 256696
	110  -  MemoryUsage of job (MB)
	112248  -  ResidentSetSize of job (KB)
...
006 (952730.000.000) 05/24 14:04:17 Image size of job updated: 518728
	110  -  MemoryUsage of job (MB)
	112248  -  ResidentSetSize of job (KB)
...
005 (952730.000.000) 05/24 14:04:18 Job terminated.
	(1) Normal termination (return value 0)
		Usr 0 00:01:41, Sys 0 00:00:03  -  Run Remote Usage
		Usr 0 00:00:00, Sys 0 00:00:00  -  Run Local Usage
		Usr 0 00:01:41, Sys 0 00:00:03  -  Total Remote Usage
		Usr 0 00:00:00, Sys 0 00:00:00  -  Total Local Usage
	216607  -  Run Bytes Sent By Job
	84994  -  Run Bytes Received By Job
	216607  -  Total Bytes Sent By Job
	84994  -  Total Bytes Received By Job
	Partitionable Resources :    Usage  Request Allocated
	   Cpus                 :                 1         1
	   Disk (KB)            :      337      100   8168196
	   Memory (MB)          :      110        1         1
...
