000 (952708.000.000) 05/24 13:59:31 Job submitted from host: <18.12.1.74:43431?addrs=18.12.1.74-43431>
...
001 (952708.000.000) 05/24 13:59:47 Job executing on host: <18.12.6.28:41022?addrs=18.12.6.28-41022>
...
006 (952708.000.000) 05/24 13:59:56 Image size of job updated: 1
	3  -  MemoryUsage of job (MB)
	2348  -  ResidentSetSize of job (KB)
...
006 (952708.000.000) 05/24 14:04:56 Image size of job updated: 518736
	311  -  MemoryUsage of job (MB)
	317884  -  ResidentSetSize of job (KB)
...
006 (952708.000.000) 05/24 14:07:37 Image size of job updated: 519004
	311  -  MemoryUsage of job (MB)
	317884  -  ResidentSetSize of job (KB)
...
005 (952708.000.000) 05/24 14:07:38 Job terminated.
	(1) Normal termination (return value 0)
		Usr 0 00:02:45, Sys 0 00:00:05  -  Run Remote Usage
		Usr 0 00:00:00, Sys 0 00:00:00  -  Run Local Usage
		Usr 0 00:02:45, Sys 0 00:00:05  -  Total Remote Usage
		Usr 0 00:00:00, Sys 0 00:00:00  -  Total Local Usage
	216871  -  Run Bytes Sent By Job
	84994  -  Run Bytes Received By Job
	216871  -  Total Bytes Sent By Job
	84994  -  Total Bytes Received By Job
	Partitionable Resources :    Usage  Request Allocated
	   Cpus                 :                 1         1
	   Disk (KB)            :      338      100   8186347
	   Memory (MB)          :      311        1         1
...
