000 (952725.000.000) 05/24 13:59:51 Job submitted from host: <18.12.1.74:43431?addrs=18.12.1.74-43431>
...
001 (952725.000.000) 05/24 14:00:18 Job executing on host: <18.12.6.19:47665>
...
006 (952725.000.000) 05/24 14:00:26 Image size of job updated: 240032
	81  -  MemoryUsage of job (MB)
	82392  -  ResidentSetSize of job (KB)
...
006 (952725.000.000) 05/24 14:05:26 Image size of job updated: 518864
	309  -  MemoryUsage of job (MB)
	316024  -  ResidentSetSize of job (KB)
...
005 (952725.000.000) 05/24 14:05:49 Job terminated.
	(1) Normal termination (return value 0)
		Usr 0 00:02:06, Sys 0 00:00:07  -  Run Remote Usage
		Usr 0 00:00:00, Sys 0 00:00:00  -  Run Local Usage
		Usr 0 00:02:06, Sys 0 00:00:07  -  Total Remote Usage
		Usr 0 00:00:00, Sys 0 00:00:00  -  Total Local Usage
	216401  -  Run Bytes Sent By Job
	84994  -  Run Bytes Received By Job
	216401  -  Total Bytes Sent By Job
	84994  -  Total Bytes Received By Job
	Partitionable Resources :    Usage  Request Allocated
	   Cpus                 :                 1         1
	   Disk (KB)            :      337      100  18035296
	   Memory (MB)          :      309        1         1
...
