000 (952720.000.000) 05/24 13:59:45 Job submitted from host: <18.12.1.74:43431?addrs=18.12.1.74-43431>
...
001 (952720.000.000) 05/24 14:00:18 Job executing on host: <18.12.8.1:43066>
...
006 (952720.000.000) 05/24 14:00:26 Image size of job updated: 488956
	113  -  MemoryUsage of job (MB)
	114952  -  ResidentSetSize of job (KB)
...
006 (952720.000.000) 05/24 14:04:48 Image size of job updated: 518908
	113  -  MemoryUsage of job (MB)
	114952  -  ResidentSetSize of job (KB)
...
005 (952720.000.000) 05/24 14:04:49 Job terminated.
	(1) Normal termination (return value 0)
		Usr 0 00:02:07, Sys 0 00:00:04  -  Run Remote Usage
		Usr 0 00:00:00, Sys 0 00:00:00  -  Run Local Usage
		Usr 0 00:02:07, Sys 0 00:00:04  -  Total Remote Usage
		Usr 0 00:00:00, Sys 0 00:00:00  -  Total Local Usage
	217324  -  Run Bytes Sent By Job
	84994  -  Run Bytes Received By Job
	217324  -  Total Bytes Sent By Job
	84994  -  Total Bytes Received By Job
	Partitionable Resources :    Usage  Request Allocated
	   Cpus                 :                 1         1
	   Disk (KB)            :      338      100   5722080
	   Memory (MB)          :      113        1         1
...
