000 (952704.000.000) 05/24 13:59:26 Job submitted from host: <18.12.1.74:43431?addrs=18.12.1.74-43431>
...
001 (952704.000.000) 05/24 13:59:46 Job executing on host: <18.12.8.51:45475>
...
006 (952704.000.000) 05/24 13:59:54 Image size of job updated: 1
	3  -  MemoryUsage of job (MB)
	2440  -  ResidentSetSize of job (KB)
...
006 (952704.000.000) 05/24 14:04:54 Image size of job updated: 518524
	274  -  MemoryUsage of job (MB)
	280456  -  ResidentSetSize of job (KB)
...
005 (952704.000.000) 05/24 14:05:00 Job terminated.
	(1) Normal termination (return value 0)
		Usr 0 00:02:24, Sys 0 00:00:10  -  Run Remote Usage
		Usr 0 00:00:00, Sys 0 00:00:00  -  Run Local Usage
		Usr 0 00:02:24, Sys 0 00:00:10  -  Total Remote Usage
		Usr 0 00:00:00, Sys 0 00:00:00  -  Total Local Usage
	216856  -  Run Bytes Sent By Job
	84994  -  Run Bytes Received By Job
	216856  -  Total Bytes Sent By Job
	84994  -  Total Bytes Received By Job
	Partitionable Resources :    Usage  Request Allocated
	   Cpus                 :                 1         1
	   Disk (KB)            :      338      100   5346439
	   Memory (MB)          :      274        1         1
...
