000 (952718.000.000) 05/24 13:59:42 Job submitted from host: <18.12.1.74:43431?addrs=18.12.1.74-43431>
...
001 (952718.000.000) 05/24 13:59:47 Job executing on host: <18.12.6.56:40146>
...
006 (952718.000.000) 05/24 13:59:56 Image size of job updated: 233876
	59  -  MemoryUsage of job (MB)
	59904  -  ResidentSetSize of job (KB)
...
006 (952718.000.000) 05/24 14:04:57 Image size of job updated: 518688
	275  -  MemoryUsage of job (MB)
	280644  -  ResidentSetSize of job (KB)
...
005 (952718.000.000) 05/24 14:05:13 Job terminated.
	(1) Normal termination (return value 0)
		Usr 0 00:02:43, Sys 0 00:00:06  -  Run Remote Usage
		Usr 0 00:00:00, Sys 0 00:00:00  -  Run Local Usage
		Usr 0 00:02:43, Sys 0 00:00:06  -  Total Remote Usage
		Usr 0 00:00:00, Sys 0 00:00:00  -  Total Local Usage
	217213  -  Run Bytes Sent By Job
	84994  -  Run Bytes Received By Job
	217213  -  Total Bytes Sent By Job
	84994  -  Total Bytes Received By Job
	Partitionable Resources :    Usage  Request Allocated
	   Cpus                 :                 1         1
	   Disk (KB)            :      338      100   8157520
	   Memory (MB)          :      275        1         1
...
