000 (952711.000.000) 05/24 13:59:34 Job submitted from host: <18.12.1.74:43431?addrs=18.12.1.74-43431>
...
001 (952711.000.000) 05/24 13:59:47 Job executing on host: <18.12.8.241:43139>
...
006 (952711.000.000) 05/24 13:59:56 Image size of job updated: 1
	3  -  MemoryUsage of job (MB)
	2436  -  ResidentSetSize of job (KB)
...
006 (952711.000.000) 05/24 14:03:42 Image size of job updated: 519036
	3  -  MemoryUsage of job (MB)
	2436  -  ResidentSetSize of job (KB)
...
005 (952711.000.000) 05/24 14:03:43 Job terminated.
	(1) Normal termination (return value 0)
		Usr 0 00:01:41, Sys 0 00:00:03  -  Run Remote Usage
		Usr 0 00:00:00, Sys 0 00:00:00  -  Run Local Usage
		Usr 0 00:01:41, Sys 0 00:00:03  -  Total Remote Usage
		Usr 0 00:00:00, Sys 0 00:00:00  -  Total Local Usage
	216548  -  Run Bytes Sent By Job
	84994  -  Run Bytes Received By Job
	216548  -  Total Bytes Sent By Job
	84994  -  Total Bytes Received By Job
	Partitionable Resources :    Usage  Request Allocated
	   Cpus                 :                 1         1
	   Disk (KB)            :      337      100   8272008
	   Memory (MB)          :        3        1         1
...
