000 (952716.000.000) 05/24 13:59:40 Job submitted from host: <18.12.1.74:43431?addrs=18.12.1.74-43431>
...
001 (952716.000.000) 05/24 13:59:47 Job executing on host: <18.12.6.47:44599?addrs=18.12.6.47-44599>
...
006 (952716.000.000) 05/24 13:59:56 Image size of job updated: 1
	3  -  MemoryUsage of job (MB)
	2356  -  ResidentSetSize of job (KB)
...
006 (952716.000.000) 05/24 14:04:57 Image size of job updated: 518672
	275  -  MemoryUsage of job (MB)
	281312  -  ResidentSetSize of job (KB)
...
005 (952716.000.000) 05/24 14:05:55 Job terminated.
	(1) Normal termination (return value 0)
		Usr 0 00:02:41, Sys 0 00:00:07  -  Run Remote Usage
		Usr 0 00:00:00, Sys 0 00:00:00  -  Run Local Usage
		Usr 0 00:02:41, Sys 0 00:00:07  -  Total Remote Usage
		Usr 0 00:00:00, Sys 0 00:00:00  -  Total Local Usage
	217125  -  Run Bytes Sent By Job
	84994  -  Run Bytes Received By Job
	217125  -  Total Bytes Sent By Job
	84994  -  Total Bytes Received By Job
	Partitionable Resources :    Usage  Request Allocated
	   Cpus                 :                 1         1
	   Disk (KB)            :      338      100   8186896
	   Memory (MB)          :      275        1         1
...
