
----------------------------------------------------
Job started on Tue May 24 14:00:18 EDT 2016 at WN: lnbat0007.cmsaf.mit.edu 
Job is running on Linux lnbat0007.cmsaf.mit.edu 2.6.32-573.18.1.el6.x86_64 #1 SMP Tue Feb 9 06:02:07 CST 2016 x86_64 x86_64 x86_64 GNU/Linux
----------------------------------------------------

free disk space is...
Filesystem            Size  Used Avail Use% Mounted on
/dev/sda3              63G  3.0G   57G   5% /
tmpfs                  12G     0   12G   0% /dev/shm
/dev/sda1             240M   41M  187M  18% /boot
/dev/sda5             760G   41G  719G   6% /export/data1
/dev/sdc1             1.8T  1.7T  184G  90% /export/00b
/dev/sdd1             1.8T  1.7T  193G  90% /export/00c
/dev/sde1             1.8T  1.7T  186G  90% /export/00d
/dev/sdb1             1.8T  1.7T  181G  91% /export/00e
/dev/sdf1             1.8T  1.6T  209G  89% /export/00f
fuse_dfs              6.5P  5.8P  683T  90% /mnt/hadoop
cvmfs2                 98G   40G   58G  41% /cvmfs/cms.cern.ch
hisrv0001:/export/home
                      2.0T  453G  1.5T  24% /net/hisrv0001/home

root directory is...
/cvmfs/cms.cern.ch/slc6_amd64_gcc491/lcg/root/6.02.12/

working directory is...
/export/data1/condor/execute/dir_27380

contents before job processing is...
total 156
drwx------ 2 ilaflott ilaflott  4096 May 24 14:00 .
drwxr-xr-x 5 condor   root      4096 May 24 14:00 ..
-rwx------ 1 ilaflott ilaflott    48 May 24 14:00 .chirp.config
-rw-r--r-- 1 condor   condor   37076 May 24 14:00 .job.ad
-rw-r--r-- 1 condor   condor    6430 May 24 14:00 .machine.ad
-rw-r--r-- 1 ilaflott ilaflott 32988 May 24 14:00 5p02TeV_HighPtJet80_forests.txt
-rwxrwxr-x 1 ilaflott ilaflott 51221 May 24 14:00 DijetResponse.exe
-rw-r--r-- 1 ilaflott ilaflott     0 May 24 14:00 _condor_stderr
-rw-r--r-- 1 ilaflott ilaflott  1274 May 24 14:00 _condor_stdout
-rwxr-xr-x 1 ilaflott ilaflott   785 May 24 14:00 condor_exec.exe

Processing...

///////////////////
reading files 273 to 286
///////////////////

beginning jet loop...

beginning jet loop...

beginning jet loop...

beginning jet loop...

beginning jet loop...

beginning jet loop...

beginning jet loop...

beginning jet loop...

beginning jet loop...

beginning jet loop...

beginning jet loop...

beginning jet loop...

beginning jet loop...

Done!
