000 (952712.000.000) 05/24 13:59:36 Job submitted from host: <18.12.1.74:43431?addrs=18.12.1.74-43431>
...
001 (952712.000.000) 05/24 13:59:47 Job executing on host: <18.12.8.223:44380>
...
006 (952712.000.000) 05/24 13:59:56 Image size of job updated: 1
	3  -  MemoryUsage of job (MB)
	2444  -  ResidentSetSize of job (KB)
...
006 (952712.000.000) 05/24 14:03:34 Image size of job updated: 519048
	3  -  MemoryUsage of job (MB)
	2444  -  ResidentSetSize of job (KB)
...
005 (952712.000.000) 05/24 14:03:35 Job terminated.
	(1) Normal termination (return value 0)
		Usr 0 00:01:32, Sys 0 00:00:02  -  Run Remote Usage
		Usr 0 00:00:00, Sys 0 00:00:00  -  Run Local Usage
		Usr 0 00:01:32, Sys 0 00:00:02  -  Total Remote Usage
		Usr 0 00:00:00, Sys 0 00:00:00  -  Total Local Usage
	216689  -  Run Bytes Sent By Job
	84994  -  Run Bytes Received By Job
	216689  -  Total Bytes Sent By Job
	84994  -  Total Bytes Received By Job
	Partitionable Resources :    Usage  Request Allocated
	   Cpus                 :                 1         1
	   Disk (KB)            :      337      100   8170088
	   Memory (MB)          :        3        1         1
...
