000 (952728.000.000) 05/24 13:59:54 Job submitted from host: <18.12.1.74:43431?addrs=18.12.1.74-43431>
...
001 (952728.000.000) 05/24 14:00:18 Job executing on host: <18.12.8.223:44380>
...
006 (952728.000.000) 05/24 14:00:26 Image size of job updated: 1
	3  -  MemoryUsage of job (MB)
	2448  -  ResidentSetSize of job (KB)
...
006 (952728.000.000) 05/24 14:04:09 Image size of job updated: 519220
	3  -  MemoryUsage of job (MB)
	2448  -  ResidentSetSize of job (KB)
...
005 (952728.000.000) 05/24 14:04:10 Job terminated.
	(1) Normal termination (return value 0)
		Usr 0 00:01:27, Sys 0 00:00:03  -  Run Remote Usage
		Usr 0 00:00:00, Sys 0 00:00:00  -  Run Local Usage
		Usr 0 00:01:27, Sys 0 00:00:03  -  Total Remote Usage
		Usr 0 00:00:00, Sys 0 00:00:00  -  Total Local Usage
	216692  -  Run Bytes Sent By Job
	84994  -  Run Bytes Received By Job
	216692  -  Total Bytes Sent By Job
	84994  -  Total Bytes Received By Job
	Partitionable Resources :    Usage  Request Allocated
	   Cpus                 :                 1         1
	   Disk (KB)            :      337      100   8170081
	   Memory (MB)          :        3        1         1
...
