000 (952703.000.000) 05/24 13:59:25 Job submitted from host: <18.12.1.74:43431?addrs=18.12.1.74-43431>
...
001 (952703.000.000) 05/24 13:59:46 Job executing on host: <18.12.8.1:43066>
...
006 (952703.000.000) 05/24 13:59:55 Image size of job updated: 314016
	109  -  MemoryUsage of job (MB)
	111428  -  ResidentSetSize of job (KB)
...
006 (952703.000.000) 05/24 14:04:26 Image size of job updated: 518552
	109  -  MemoryUsage of job (MB)
	111428  -  ResidentSetSize of job (KB)
...
005 (952703.000.000) 05/24 14:04:27 Job terminated.
	(1) Normal termination (return value 0)
		Usr 0 00:02:09, Sys 0 00:00:04  -  Run Remote Usage
		Usr 0 00:00:00, Sys 0 00:00:00  -  Run Local Usage
		Usr 0 00:02:09, Sys 0 00:00:04  -  Total Remote Usage
		Usr 0 00:00:00, Sys 0 00:00:00  -  Total Local Usage
	217131  -  Run Bytes Sent By Job
	84994  -  Run Bytes Received By Job
	217131  -  Total Bytes Sent By Job
	84994  -  Total Bytes Received By Job
	Partitionable Resources :    Usage  Request Allocated
	   Cpus                 :                 1         1
	   Disk (KB)            :      338      100   5722097
	   Memory (MB)          :      109        1         1
...
