000 (952710.000.000) 05/24 13:59:33 Job submitted from host: <18.12.1.74:43431?addrs=18.12.1.74-43431>
...
001 (952710.000.000) 05/24 13:59:48 Job executing on host: <18.12.8.214:48176>
...
006 (952710.000.000) 05/24 13:59:56 Image size of job updated: 13556
	2  -  MemoryUsage of job (MB)
	1988  -  ResidentSetSize of job (KB)
...
006 (952710.000.000) 05/24 14:04:09 Image size of job updated: 518960
	2  -  MemoryUsage of job (MB)
	1988  -  ResidentSetSize of job (KB)
...
005 (952710.000.000) 05/24 14:04:11 Job terminated.
	(1) Normal termination (return value 0)
		Usr 0 00:01:49, Sys 0 00:00:03  -  Run Remote Usage
		Usr 0 00:00:00, Sys 0 00:00:00  -  Run Local Usage
		Usr 0 00:01:49, Sys 0 00:00:03  -  Total Remote Usage
		Usr 0 00:00:00, Sys 0 00:00:00  -  Total Local Usage
	216758  -  Run Bytes Sent By Job
	84994  -  Run Bytes Received By Job
	216758  -  Total Bytes Sent By Job
	84994  -  Total Bytes Received By Job
	Partitionable Resources :    Usage  Request Allocated
	   Cpus                 :                 1         1
	   Disk (KB)            :      337      100   8168324
	   Memory (MB)          :        2        1         1
...
