000 (952722.000.000) 05/24 13:59:47 Job submitted from host: <18.12.1.74:43431?addrs=18.12.1.74-43431>
...
001 (952722.000.000) 05/24 14:00:18 Job executing on host: <18.12.8.51:45475>
...
006 (952722.000.000) 05/24 14:00:26 Image size of job updated: 1
	3  -  MemoryUsage of job (MB)
	2444  -  ResidentSetSize of job (KB)
...
006 (952722.000.000) 05/24 14:05:26 Image size of job updated: 519060
	340  -  MemoryUsage of job (MB)
	347200  -  ResidentSetSize of job (KB)
...
005 (952722.000.000) 05/24 14:05:43 Job terminated.
	(1) Normal termination (return value 0)
		Usr 0 00:02:37, Sys 0 00:00:12  -  Run Remote Usage
		Usr 0 00:00:00, Sys 0 00:00:00  -  Run Local Usage
		Usr 0 00:02:37, Sys 0 00:00:12  -  Total Remote Usage
		Usr 0 00:00:00, Sys 0 00:00:00  -  Total Local Usage
	216872  -  Run Bytes Sent By Job
	84994  -  Run Bytes Received By Job
	216872  -  Total Bytes Sent By Job
	84994  -  Total Bytes Received By Job
	Partitionable Resources :    Usage  Request Allocated
	   Cpus                 :                 1         1
	   Disk (KB)            :      338      100   5346437
	   Memory (MB)          :      340        1         1
...
