000 (952721.000.000) 05/24 13:59:46 Job submitted from host: <18.12.1.74:43431?addrs=18.12.1.74-43431>
...
001 (952721.000.000) 05/24 14:00:18 Job executing on host: <18.12.8.9:46059>
...
006 (952721.000.000) 05/24 14:00:27 Image size of job updated: 461864
	118  -  MemoryUsage of job (MB)
	120356  -  ResidentSetSize of job (KB)
...
006 (952721.000.000) 05/24 14:04:33 Image size of job updated: 519192
	118  -  MemoryUsage of job (MB)
	120356  -  ResidentSetSize of job (KB)
...
005 (952721.000.000) 05/24 14:04:34 Job terminated.
	(1) Normal termination (return value 0)
		Usr 0 00:01:57, Sys 0 00:00:03  -  Run Remote Usage
		Usr 0 00:00:00, Sys 0 00:00:00  -  Run Local Usage
		Usr 0 00:01:57, Sys 0 00:00:03  -  Total Remote Usage
		Usr 0 00:00:00, Sys 0 00:00:00  -  Total Local Usage
	216997  -  Run Bytes Sent By Job
	84994  -  Run Bytes Received By Job
	216997  -  Total Bytes Sent By Job
	84994  -  Total Bytes Received By Job
	Partitionable Resources :    Usage  Request Allocated
	   Cpus                 :                 1         1
	   Disk (KB)            :      338      100   6859796
	   Memory (MB)          :      118        1         1
...
