
----------------------------------------------------
Job started on Tue May 24 13:59:47 EDT 2016 at WN: lnbat0008.cmsaf.mit.edu 
Job is running on Linux lnbat0008.cmsaf.mit.edu 2.6.32-573.18.1.el6.x86_64 #1 SMP Tue Feb 9 06:02:07 CST 2016 x86_64 x86_64 x86_64 GNU/Linux
----------------------------------------------------

free disk space is...
Filesystem            Size  Used Avail Use% Mounted on
/dev/sda3              63G  3.0G   57G   5% /
tmpfs                  12G     0   12G   0% /dev/shm
/dev/sda1             240M   41M  187M  18% /boot
/dev/sda5             760G   44G  716G   6% /export/data1
/dev/sdc1             1.8T  1.6T  204G  89% /export/00b
/dev/sdd1             1.8T  1.7T  188G  90% /export/00c
/dev/sdb1             1.8T  1.6T  206G  89% /export/00d
/dev/sde1             1.8T  1.6T  210G  89% /export/00e
/dev/sdf1             1.8T  1.7T  188G  90% /export/00f
fuse_dfs              6.5P  5.8P  683T  90% /mnt/hadoop
cvmfs2                 98G   40G   58G  41% /cvmfs/cms.cern.ch
t2srv0004:/export/db  135G  187M  135G   1% /net/t2srv0004/db
hisrv0001:/export/home
                      2.0T  453G  1.5T  24% /net/hisrv0001/home

root directory is...
/cvmfs/cms.cern.ch/slc6_amd64_gcc491/lcg/root/6.02.12/

working directory is...
/export/data1/condor/execute/dir_16118

contents before job processing is...
total 156
drwx------ 2 ilaflott ilaflott  4096 May 24 13:59 .
drwxr-xr-x 4 condor   root      4096 May 24 13:59 ..
-rwx------ 1 ilaflott ilaflott    48 May 24 13:59 .chirp.config
-rw-r--r-- 1 condor   condor   37077 May 24 13:59 .job.ad
-rw-r--r-- 1 condor   condor    6526 May 24 13:59 .machine.ad
-rw-r--r-- 1 ilaflott ilaflott 32988 May 24 13:59 5p02TeV_HighPtJet80_forests.txt
-rwxrwxr-x 1 ilaflott ilaflott 51221 May 24 13:59 DijetResponse.exe
-rw-r--r-- 1 ilaflott ilaflott     0 May 24 13:59 _condor_stderr
-rw-r--r-- 1 ilaflott ilaflott  1336 May 24 13:59 _condor_stdout
-rwxr-xr-x 1 ilaflott ilaflott   785 May 24 13:59 condor_exec.exe

Processing...

///////////////////
reading files 182 to 195
///////////////////

beginning jet loop...

beginning jet loop...

beginning jet loop...

beginning jet loop...

beginning jet loop...

beginning jet loop...

beginning jet loop...

beginning jet loop...

beginning jet loop...

beginning jet loop...

beginning jet loop...

beginning jet loop...

beginning jet loop...

Done!
